2024-04-01 21:39:51.8912|10401|DEBUG|Microsoft.EntityFrameworkCore.Infrastructure|An 'IServiceProvider' was created for internal use by Entity Framework. 
2024-04-01 21:39:53.5122|10607|DEBUG|Microsoft.EntityFrameworkCore.Model|No relationship from 'Message' to 'User' has been configured by convention because there are multiple properties on one entity type - {'Receiver', 'Sender'} that could be matched with the properties on the other entity type - {'ReceivedMessages', 'SentMessages'}. This message can be disregarded if explicit configuration has been specified in 'OnModelCreating'. 
2024-04-01 21:39:53.6254|10607|DEBUG|Microsoft.EntityFrameworkCore.Model|No relationship from 'User' to 'Message' has been configured by convention because there are multiple properties on one entity type - {'ReceivedMessages', 'SentMessages'} that could be matched with the properties on the other entity type - {'Receiver', 'Sender'}. This message can be disregarded if explicit configuration has been specified in 'OnModelCreating'. 
2024-04-01 21:39:53.6284|10607|DEBUG|Microsoft.EntityFrameworkCore.Model|No relationship from 'User' to 'Message' has been configured by convention because there are multiple properties on one entity type - {'ReceivedMessages', 'SentMessages'} that could be matched with the properties on the other entity type - {'Receiver', 'Sender'}. This message can be disregarded if explicit configuration has been specified in 'OnModelCreating'. 
2024-04-01 21:39:53.8912|10607|DEBUG|Microsoft.EntityFrameworkCore.Model|No relationship from 'Message' to 'User' has been configured by convention because there are multiple properties on one entity type - {'Receiver', 'Sender'} that could be matched with the properties on the other entity type - {'ReceivedMessages', 'SentMessages'}. This message can be disregarded if explicit configuration has been specified in 'OnModelCreating'. 
2024-04-01 21:39:53.8912|10607|DEBUG|Microsoft.EntityFrameworkCore.Model|No relationship from 'User' to 'Message' has been configured by convention because there are multiple properties on one entity type - {'ReceivedMessages', 'SentMessages'} that could be matched with the properties on the other entity type - {'Receiver', 'Sender'}. This message can be disregarded if explicit configuration has been specified in 'OnModelCreating'. 
2024-04-01 21:39:53.9541|10601|DEBUG|Microsoft.EntityFrameworkCore.Model|The index {'InterestsInterestId'} was not created on entity type 'InterestUser (Dictionary<string, object>)' as the properties are already covered by the index {'InterestsInterestId', 'UsersUserId'}. 
2024-04-01 21:39:53.9541|10601|DEBUG|Microsoft.EntityFrameworkCore.Model|The index {'MatchFormsMatchFormId'} was not created on entity type 'MatchFormQuestion (Dictionary<string, object>)' as the properties are already covered by the index {'MatchFormsMatchFormId', 'QuestionsQuestionId'}. 
2024-04-01 21:39:53.9541|10601|DEBUG|Microsoft.EntityFrameworkCore.Model|The index {'PreferencesPreferenceId'} was not created on entity type 'PreferenceUser (Dictionary<string, object>)' as the properties are already covered by the index {'PreferencesPreferenceId', 'UsersUserId'}. 
2024-04-01 21:39:54.1004|10600|DEBUG|Microsoft.EntityFrameworkCore.Model.Validation|The property 'Answer.QuestionId' was created in shadow state because there are no eligible CLR members with a matching name. 
2024-04-01 21:39:54.1004|10600|DEBUG|Microsoft.EntityFrameworkCore.Model.Validation|The property 'InterestUser (Dictionary<string, object>).InterestsInterestId' was created in shadow state because there are no eligible CLR members with a matching name. 
2024-04-01 21:39:54.1004|10600|DEBUG|Microsoft.EntityFrameworkCore.Model.Validation|The property 'InterestUser (Dictionary<string, object>).UsersUserId' was created in shadow state because there are no eligible CLR members with a matching name. 
2024-04-01 21:39:54.1004|10600|DEBUG|Microsoft.EntityFrameworkCore.Model.Validation|The property 'MatchFormQuestion (Dictionary<string, object>).MatchFormsMatchFormId' was created in shadow state because there are no eligible CLR members with a matching name. 
2024-04-01 21:39:54.1004|10600|DEBUG|Microsoft.EntityFrameworkCore.Model.Validation|The property 'MatchFormQuestion (Dictionary<string, object>).QuestionsQuestionId' was created in shadow state because there are no eligible CLR members with a matching name. 
2024-04-01 21:39:54.1004|10600|DEBUG|Microsoft.EntityFrameworkCore.Model.Validation|The property 'PreferenceUser (Dictionary<string, object>).PreferencesPreferenceId' was created in shadow state because there are no eligible CLR members with a matching name. 
2024-04-01 21:39:54.1004|10600|DEBUG|Microsoft.EntityFrameworkCore.Model.Validation|The property 'PreferenceUser (Dictionary<string, object>).UsersUserId' was created in shadow state because there are no eligible CLR members with a matching name. 
2024-04-01 21:39:54.3328|10403|DEBUG|Microsoft.EntityFrameworkCore.Infrastructure|Entity Framework Core 7.0.13 initialized 'AppDbContext' using provider 'Microsoft.EntityFrameworkCore.SqlServer:7.0.13' with options: None 
2024-04-01 21:39:54.6931|20005|DEBUG|Microsoft.EntityFrameworkCore.Database.Connection|Creating DbConnection. 
2024-04-01 21:39:54.7652|20006|DEBUG|Microsoft.EntityFrameworkCore.Database.Connection|Created DbConnection. (77ms). 
2024-04-01 21:39:54.7685|20000|DEBUG|Microsoft.EntityFrameworkCore.Database.Connection|Opening connection to database 'Findher' on server '(localdb)\MSSQLLocalDB'. 
2024-04-01 21:39:58.5790|20001|DEBUG|Microsoft.EntityFrameworkCore.Database.Connection|Opened connection to database 'Findher' on server '(localdb)\MSSQLLocalDB'. 
2024-04-01 21:39:58.5848|20103|DEBUG|Microsoft.EntityFrameworkCore.Database.Command|Creating DbCommand for 'ExecuteNonQuery'. 
2024-04-01 21:39:58.5848|20104|DEBUG|Microsoft.EntityFrameworkCore.Database.Command|Created DbCommand for 'ExecuteNonQuery' (8ms). 
2024-04-01 21:39:58.5979|20106|DEBUG|Microsoft.EntityFrameworkCore.Database.Command|Initialized DbCommand for 'ExecuteNonQuery' (15ms). 
2024-04-01 21:39:58.5979|20100|DEBUG|Microsoft.EntityFrameworkCore.Database.Command|Executing DbCommand [Parameters=[], CommandType='Text', CommandTimeout='30']
SELECT 1 
2024-04-01 21:39:58.6460|20101|INFO|Microsoft.EntityFrameworkCore.Database.Command|Executed DbCommand (41ms) [Parameters=[], CommandType='Text', CommandTimeout='30']
SELECT 1 
2024-04-01 21:39:58.6460|20002|DEBUG|Microsoft.EntityFrameworkCore.Database.Connection|Closing connection to database 'Findher' on server '(localdb)\MSSQLLocalDB'. 
2024-04-01 21:39:58.6592|20003|DEBUG|Microsoft.EntityFrameworkCore.Database.Connection|Closed connection to database 'Findher' on server '(localdb)\MSSQLLocalDB' (4ms). 
2024-04-01 21:39:58.8237|10111|DEBUG|Microsoft.EntityFrameworkCore.Query|Compiling query expression: 
'DbSet<Role>()
    .Any()' 
2024-04-01 21:39:59.0257|10107|DEBUG|Microsoft.EntityFrameworkCore.Query|Generated query execution expression: 
'queryContext => new SingleQueryingEnumerable<bool>(
    (RelationalQueryContext)queryContext, 
    RelationalCommandCache.QueryExpression(
        Projection Mapping:
            EmptyProjectionMember -> 0
        SELECT EXISTS (
            SELECT 1
            FROM Roles AS r)), 
    null, 
    Func<QueryContext, DbDataReader, ResultContext, SingleQueryResultCoordinator, bool>, 
    Find_H_er.Entities.AppDbContext, 
    False, 
    False, 
    True
)
    .Single()' 
2024-04-01 21:39:59.0617|20103|DEBUG|Microsoft.EntityFrameworkCore.Database.Command|Creating DbCommand for 'ExecuteReader'. 
2024-04-01 21:39:59.0617|20104|DEBUG|Microsoft.EntityFrameworkCore.Database.Command|Created DbCommand for 'ExecuteReader' (0ms). 
2024-04-01 21:39:59.0617|20106|DEBUG|Microsoft.EntityFrameworkCore.Database.Command|Initialized DbCommand for 'ExecuteReader' (0ms). 
2024-04-01 21:39:59.0617|20000|DEBUG|Microsoft.EntityFrameworkCore.Database.Connection|Opening connection to database 'Findher' on server '(localdb)\MSSQLLocalDB'. 
2024-04-01 21:39:59.0617|20001|DEBUG|Microsoft.EntityFrameworkCore.Database.Connection|Opened connection to database 'Findher' on server '(localdb)\MSSQLLocalDB'. 
2024-04-01 21:39:59.0617|20100|DEBUG|Microsoft.EntityFrameworkCore.Database.Command|Executing DbCommand [Parameters=[], CommandType='Text', CommandTimeout='30']
SELECT CASE
    WHEN EXISTS (
        SELECT 1
        FROM [Roles] AS [r]) THEN CAST(1 AS bit)
    ELSE CAST(0 AS bit)
END 
2024-04-01 21:39:59.0914|20101|INFO|Microsoft.EntityFrameworkCore.Database.Command|Executed DbCommand (28ms) [Parameters=[], CommandType='Text', CommandTimeout='30']
SELECT CASE
    WHEN EXISTS (
        SELECT 1
        FROM [Roles] AS [r]) THEN CAST(1 AS bit)
    ELSE CAST(0 AS bit)
END 
2024-04-01 21:39:59.1009|20301|DEBUG|Microsoft.EntityFrameworkCore.Database.Command|Closing data reader to 'Findher' on server '(localdb)\MSSQLLocalDB'. 
2024-04-01 21:39:59.1009|20300|DEBUG|Microsoft.EntityFrameworkCore.Database.Command|A data reader for 'Findher' on server '(localdb)\MSSQLLocalDB' is being disposed after spending 10ms reading results. 
2024-04-01 21:39:59.1009|20002|DEBUG|Microsoft.EntityFrameworkCore.Database.Connection|Closing connection to database 'Findher' on server '(localdb)\MSSQLLocalDB'. 
2024-04-01 21:39:59.1009|20003|DEBUG|Microsoft.EntityFrameworkCore.Database.Connection|Closed connection to database 'Findher' on server '(localdb)\MSSQLLocalDB' (0ms). 
2024-04-01 21:39:59.1009|10111|DEBUG|Microsoft.EntityFrameworkCore.Query|Compiling query expression: 
'DbSet<Question>()
    .Any()' 
2024-04-01 21:39:59.1174|10107|DEBUG|Microsoft.EntityFrameworkCore.Query|Generated query execution expression: 
'queryContext => new SingleQueryingEnumerable<bool>(
    (RelationalQueryContext)queryContext, 
    RelationalCommandCache.QueryExpression(
        Projection Mapping:
            EmptyProjectionMember -> 0
        SELECT EXISTS (
            SELECT 1
            FROM Questions AS q)), 
    null, 
    Func<QueryContext, DbDataReader, ResultContext, SingleQueryResultCoordinator, bool>, 
    Find_H_er.Entities.AppDbContext, 
    False, 
    False, 
    True
)
    .Single()' 
2024-04-01 21:39:59.1174|20103|DEBUG|Microsoft.EntityFrameworkCore.Database.Command|Creating DbCommand for 'ExecuteReader'. 
2024-04-01 21:39:59.1174|20104|DEBUG|Microsoft.EntityFrameworkCore.Database.Command|Created DbCommand for 'ExecuteReader' (0ms). 
2024-04-01 21:39:59.1174|20106|DEBUG|Microsoft.EntityFrameworkCore.Database.Command|Initialized DbCommand for 'ExecuteReader' (0ms). 
2024-04-01 21:39:59.1174|20000|DEBUG|Microsoft.EntityFrameworkCore.Database.Connection|Opening connection to database 'Findher' on server '(localdb)\MSSQLLocalDB'. 
2024-04-01 21:39:59.1174|20001|DEBUG|Microsoft.EntityFrameworkCore.Database.Connection|Opened connection to database 'Findher' on server '(localdb)\MSSQLLocalDB'. 
2024-04-01 21:39:59.1174|20100|DEBUG|Microsoft.EntityFrameworkCore.Database.Command|Executing DbCommand [Parameters=[], CommandType='Text', CommandTimeout='30']
SELECT CASE
    WHEN EXISTS (
        SELECT 1
        FROM [Questions] AS [q]) THEN CAST(1 AS bit)
    ELSE CAST(0 AS bit)
END 
2024-04-01 21:39:59.1275|20101|INFO|Microsoft.EntityFrameworkCore.Database.Command|Executed DbCommand (9ms) [Parameters=[], CommandType='Text', CommandTimeout='30']
SELECT CASE
    WHEN EXISTS (
        SELECT 1
        FROM [Questions] AS [q]) THEN CAST(1 AS bit)
    ELSE CAST(0 AS bit)
END 
2024-04-01 21:39:59.1275|20301|DEBUG|Microsoft.EntityFrameworkCore.Database.Command|Closing data reader to 'Findher' on server '(localdb)\MSSQLLocalDB'. 
2024-04-01 21:39:59.1275|20300|DEBUG|Microsoft.EntityFrameworkCore.Database.Command|A data reader for 'Findher' on server '(localdb)\MSSQLLocalDB' is being disposed after spending 0ms reading results. 
2024-04-01 21:39:59.1275|20002|DEBUG|Microsoft.EntityFrameworkCore.Database.Connection|Closing connection to database 'Findher' on server '(localdb)\MSSQLLocalDB'. 
2024-04-01 21:39:59.1275|20003|DEBUG|Microsoft.EntityFrameworkCore.Database.Connection|Closed connection to database 'Findher' on server '(localdb)\MSSQLLocalDB' (0ms). 
2024-04-01 21:39:59.1275|10111|DEBUG|Microsoft.EntityFrameworkCore.Query|Compiling query expression: 
'DbSet<User>()
    .Any()' 
2024-04-01 21:39:59.1275|10107|DEBUG|Microsoft.EntityFrameworkCore.Query|Generated query execution expression: 
'queryContext => new SingleQueryingEnumerable<bool>(
    (RelationalQueryContext)queryContext, 
    RelationalCommandCache.QueryExpression(
        Projection Mapping:
            EmptyProjectionMember -> 0
        SELECT EXISTS (
            SELECT 1
            FROM Users AS u)), 
    null, 
    Func<QueryContext, DbDataReader, ResultContext, SingleQueryResultCoordinator, bool>, 
    Find_H_er.Entities.AppDbContext, 
    False, 
    False, 
    True
)
    .Single()' 
2024-04-01 21:39:59.1275|20103|DEBUG|Microsoft.EntityFrameworkCore.Database.Command|Creating DbCommand for 'ExecuteReader'. 
2024-04-01 21:39:59.1275|20104|DEBUG|Microsoft.EntityFrameworkCore.Database.Command|Created DbCommand for 'ExecuteReader' (0ms). 
2024-04-01 21:39:59.1275|20106|DEBUG|Microsoft.EntityFrameworkCore.Database.Command|Initialized DbCommand for 'ExecuteReader' (0ms). 
2024-04-01 21:39:59.1275|20000|DEBUG|Microsoft.EntityFrameworkCore.Database.Connection|Opening connection to database 'Findher' on server '(localdb)\MSSQLLocalDB'. 
2024-04-01 21:39:59.1275|20001|DEBUG|Microsoft.EntityFrameworkCore.Database.Connection|Opened connection to database 'Findher' on server '(localdb)\MSSQLLocalDB'. 
2024-04-01 21:39:59.1275|20100|DEBUG|Microsoft.EntityFrameworkCore.Database.Command|Executing DbCommand [Parameters=[], CommandType='Text', CommandTimeout='30']
SELECT CASE
    WHEN EXISTS (
        SELECT 1
        FROM [Users] AS [u]) THEN CAST(1 AS bit)
    ELSE CAST(0 AS bit)
END 
2024-04-01 21:39:59.1275|20101|INFO|Microsoft.EntityFrameworkCore.Database.Command|Executed DbCommand (3ms) [Parameters=[], CommandType='Text', CommandTimeout='30']
SELECT CASE
    WHEN EXISTS (
        SELECT 1
        FROM [Users] AS [u]) THEN CAST(1 AS bit)
    ELSE CAST(0 AS bit)
END 
2024-04-01 21:39:59.1275|20301|DEBUG|Microsoft.EntityFrameworkCore.Database.Command|Closing data reader to 'Findher' on server '(localdb)\MSSQLLocalDB'. 
2024-04-01 21:39:59.1275|20300|DEBUG|Microsoft.EntityFrameworkCore.Database.Command|A data reader for 'Findher' on server '(localdb)\MSSQLLocalDB' is being disposed after spending 0ms reading results. 
2024-04-01 21:39:59.1275|20002|DEBUG|Microsoft.EntityFrameworkCore.Database.Connection|Closing connection to database 'Findher' on server '(localdb)\MSSQLLocalDB'. 
2024-04-01 21:39:59.1275|20003|DEBUG|Microsoft.EntityFrameworkCore.Database.Connection|Closed connection to database 'Findher' on server '(localdb)\MSSQLLocalDB' (0ms). 
2024-04-01 21:39:59.4484|12|DEBUG|Microsoft.AspNetCore.Mvc.ModelBinding.ModelBinderFactory|Registered model binder providers, in the following order: Microsoft.AspNetCore.Mvc.ModelBinding.Binders.BinderTypeModelBinderProvider, Microsoft.AspNetCore.Mvc.ModelBinding.Binders.ServicesModelBinderProvider, Microsoft.AspNetCore.Mvc.ModelBinding.Binders.BodyModelBinderProvider, Microsoft.AspNetCore.Mvc.ModelBinding.Binders.HeaderModelBinderProvider, Microsoft.AspNetCore.Mvc.ModelBinding.Binders.FloatingPointTypeModelBinderProvider, Microsoft.AspNetCore.Mvc.ModelBinding.Binders.EnumTypeModelBinderProvider, Microsoft.AspNetCore.Mvc.ModelBinding.Binders.DateTimeModelBinderProvider, Microsoft.AspNetCore.Mvc.ModelBinding.Binders.SimpleTypeModelBinderProvider, Microsoft.AspNetCore.Mvc.ModelBinding.Binders.TryParseModelBinderProvider, Microsoft.AspNetCore.Mvc.ModelBinding.Binders.CancellationTokenModelBinderProvider, Microsoft.AspNetCore.Mvc.ModelBinding.Binders.ByteArrayModelBinderProvider, Microsoft.AspNetCore.Mvc.ModelBinding.Binders.FormFileModelBinderProvider, Microsoft.AspNetCore.Mvc.ModelBinding.Binders.FormCollectionModelBinderProvider, Microsoft.AspNetCore.Mvc.ModelBinding.Binders.KeyValuePairModelBinderProvider, Microsoft.AspNetCore.Mvc.ModelBinding.Binders.DictionaryModelBinderProvider, Microsoft.AspNetCore.Mvc.ModelBinding.Binders.ArrayModelBinderProvider, Microsoft.AspNetCore.Mvc.ModelBinding.Binders.CollectionModelBinderProvider, Microsoft.AspNetCore.Mvc.ModelBinding.Binders.ComplexObjectModelBinderProvider 
2024-04-01 21:39:59.6774|1|DEBUG|Microsoft.AspNetCore.SignalR.Internal.DefaultHubProtocolResolver|Registered SignalR Protocol: json, implemented by Microsoft.AspNetCore.SignalR.Protocol.JsonHubProtocol. 
2024-04-01 21:39:59.7320|9|TRACE|Microsoft.AspNetCore.SignalR.Internal.DefaultHubDispatcher|'ChatHub' hub method 'SendMessage' is bound. 
2024-04-01 21:39:59.7320|9|TRACE|Microsoft.AspNetCore.SignalR.Internal.DefaultHubDispatcher|'ChatHub' hub method 'GetChatHistory' is bound. 
2024-04-01 21:39:59.7393|9|TRACE|Microsoft.AspNetCore.SignalR.Internal.DefaultHubDispatcher|'ChatHub' hub method 'SaveUserConnection' is bound. 
2024-04-01 21:39:59.7393|1|DEBUG|Microsoft.Extensions.Hosting.Internal.Host|Hosting starting 
2024-04-01 21:39:59.8885|63|INFO|Microsoft.AspNetCore.DataProtection.KeyManagement.XmlKeyManager|User profile is available. Using 'C:\Users\Mafisto CHEF\AppData\Local\ASP.NET\DataProtection-Keys' as key repository and Windows DPAPI to encrypt keys at rest. 
2024-04-01 21:39:59.9000|37|DEBUG|Microsoft.AspNetCore.DataProtection.Repositories.FileSystemXmlRepository|Reading data from file 'C:\Users\Mafisto CHEF\AppData\Local\ASP.NET\DataProtection-Keys\key-294342cb-ff4a-4785-b85b-c6bde2fef214.xml'. 
2024-04-01 21:39:59.9288|37|DEBUG|Microsoft.AspNetCore.DataProtection.Repositories.FileSystemXmlRepository|Reading data from file 'C:\Users\Mafisto CHEF\AppData\Local\ASP.NET\DataProtection-Keys\key-43d38cb1-bb90-46b7-a6b4-b0a8181bbcb1.xml'. 
2024-04-01 21:39:59.9461|37|DEBUG|Microsoft.AspNetCore.DataProtection.Repositories.FileSystemXmlRepository|Reading data from file 'C:\Users\Mafisto CHEF\AppData\Local\ASP.NET\DataProtection-Keys\key-43d5d9fe-25fc-4eca-9d11-b03947cd39ae.xml'. 
2024-04-01 21:39:59.9611|37|DEBUG|Microsoft.AspNetCore.DataProtection.Repositories.FileSystemXmlRepository|Reading data from file 'C:\Users\Mafisto CHEF\AppData\Local\ASP.NET\DataProtection-Keys\key-b0059bb9-f9b9-4aa0-80c0-27a64e2e1ec2.xml'. 
2024-04-01 21:39:59.9776|37|DEBUG|Microsoft.AspNetCore.DataProtection.Repositories.FileSystemXmlRepository|Reading data from file 'C:\Users\Mafisto CHEF\AppData\Local\ASP.NET\DataProtection-Keys\key-e8e90ef4-5040-4ea1-a216-7646e8ff1769.xml'. 
2024-04-01 21:40:00.0118|18|DEBUG|Microsoft.AspNetCore.DataProtection.KeyManagement.XmlKeyManager|Found key {294342cb-ff4a-4785-b85b-c6bde2fef214}. 
2024-04-01 21:40:00.0294|18|DEBUG|Microsoft.AspNetCore.DataProtection.KeyManagement.XmlKeyManager|Found key {43d38cb1-bb90-46b7-a6b4-b0a8181bbcb1}. 
2024-04-01 21:40:00.0294|18|DEBUG|Microsoft.AspNetCore.DataProtection.KeyManagement.XmlKeyManager|Found key {43d5d9fe-25fc-4eca-9d11-b03947cd39ae}. 
2024-04-01 21:40:00.0294|18|DEBUG|Microsoft.AspNetCore.DataProtection.KeyManagement.XmlKeyManager|Found key {b0059bb9-f9b9-4aa0-80c0-27a64e2e1ec2}. 
2024-04-01 21:40:00.0294|18|DEBUG|Microsoft.AspNetCore.DataProtection.KeyManagement.XmlKeyManager|Found key {e8e90ef4-5040-4ea1-a216-7646e8ff1769}. 
2024-04-01 21:40:00.0365|13|DEBUG|Microsoft.AspNetCore.DataProtection.KeyManagement.DefaultKeyResolver|Considering key {e8e90ef4-5040-4ea1-a216-7646e8ff1769} with expiration date 2024-04-14 18:37:54Z as default key. 
2024-04-01 21:40:00.0365|0|DEBUG|Microsoft.AspNetCore.DataProtection.TypeForwardingActivator|Forwarded activator type request from Microsoft.AspNetCore.DataProtection.XmlEncryption.DpapiXmlDecryptor, Microsoft.AspNetCore.DataProtection, Version=7.0.0.0, Culture=neutral, PublicKeyToken=adb9793829ddae60 to Microsoft.AspNetCore.DataProtection.XmlEncryption.DpapiXmlDecryptor, Microsoft.AspNetCore.DataProtection, Culture=neutral, PublicKeyToken=adb9793829ddae60 
2024-04-01 21:40:00.0365|51|DEBUG|Microsoft.AspNetCore.DataProtection.XmlEncryption.DpapiXmlDecryptor|Decrypting secret element using Windows DPAPI. 
2024-04-01 21:40:00.0365|0|DEBUG|Microsoft.AspNetCore.DataProtection.TypeForwardingActivator|Forwarded activator type request from Microsoft.AspNetCore.DataProtection.AuthenticatedEncryption.ConfigurationModel.AuthenticatedEncryptorDescriptorDeserializer, Microsoft.AspNetCore.DataProtection, Version=7.0.0.0, Culture=neutral, PublicKeyToken=adb9793829ddae60 to Microsoft.AspNetCore.DataProtection.AuthenticatedEncryption.ConfigurationModel.AuthenticatedEncryptorDescriptorDeserializer, Microsoft.AspNetCore.DataProtection, Culture=neutral, PublicKeyToken=adb9793829ddae60 
2024-04-01 21:40:00.0365|4|DEBUG|Microsoft.AspNetCore.DataProtection.AuthenticatedEncryption.CngCbcAuthenticatedEncryptorFactory|Opening CNG algorithm 'AES' from provider '(null)' with chaining mode CBC. 
2024-04-01 21:40:00.0365|3|DEBUG|Microsoft.AspNetCore.DataProtection.AuthenticatedEncryption.CngCbcAuthenticatedEncryptorFactory|Opening CNG algorithm 'SHA256' from provider '(null)' with HMAC. 
2024-04-01 21:40:00.0365|2|DEBUG|Microsoft.AspNetCore.DataProtection.KeyManagement.KeyRingProvider|Using key {e8e90ef4-5040-4ea1-a216-7646e8ff1769} as the default key. 
2024-04-01 21:40:00.0497|65|DEBUG|Microsoft.AspNetCore.DataProtection.Internal.DataProtectionHostedService|Key ring with default key {e8e90ef4-5040-4ea1-a216-7646e8ff1769} was loaded during application startup. 
2024-04-01 21:40:00.5603|13|DEBUG|Microsoft.AspNetCore.Hosting.Diagnostics|Loaded hosting startup assembly Find(H)er 
2024-04-01 21:40:00.5603|13|DEBUG|Microsoft.AspNetCore.Hosting.Diagnostics|Loaded hosting startup assembly Microsoft.AspNetCore.Watch.BrowserRefresh 
2024-04-01 21:40:00.5603|13|DEBUG|Microsoft.AspNetCore.Hosting.Diagnostics|Loaded hosting startup assembly Microsoft.WebTools.BrowserLink.Net 
2024-04-01 21:40:00.5603|0|INFO|Microsoft.Hosting.Lifetime|Application started. Press Ctrl+C to shut down. 
2024-04-01 21:40:00.5603|0|INFO|Microsoft.Hosting.Lifetime|Hosting environment: Development 
2024-04-01 21:40:00.5603|0|INFO|Microsoft.Hosting.Lifetime|Content root path: D:\Kurs\Find_H_er\backend 
2024-04-01 21:40:00.5603|9|TRACE|Microsoft.AspNetCore.Http.Connections.Internal.HttpConnectionManager|Starting connection heartbeat. 
2024-04-01 21:40:00.5603|2|DEBUG|Microsoft.Extensions.Hosting.Internal.Host|Hosting started 
2024-04-01 21:40:00.6648|1|INFO|Microsoft.AspNetCore.Hosting.Diagnostics|Request starting HTTP/2 GET https://localhost:44360/swagger/index.html - - 
2024-04-01 21:40:02.3779|0|DEBUG|Microsoft.AspNetCore.HostFiltering.HostFilteringMiddleware|Wildcard detected, all requests with hosts will be allowed. 
2024-04-01 21:40:02.3779|2|TRACE|Microsoft.AspNetCore.HostFiltering.HostFilteringMiddleware|All hosts are allowed. 
2024-04-01 21:40:02.4162|1000|DEBUG|Microsoft.AspNetCore.Routing.Matching.DfaMatcher|No candidates found for the request path '/swagger/index.html' 
2024-04-01 21:40:02.4162|2|DEBUG|Microsoft.AspNetCore.Routing.EndpointRoutingMiddleware|Request did not match any endpoints 
2024-04-01 21:40:02.6192|1|DEBUG|Microsoft.AspNetCore.Watch.BrowserRefresh.BrowserRefreshMiddleware|Response markup is scheduled to include browser refresh script injection. 
2024-04-01 21:40:02.7430|2|DEBUG|Microsoft.AspNetCore.Watch.BrowserRefresh.BrowserRefreshMiddleware|Response markup was updated to include browser refresh script injection. 
2024-04-01 21:40:02.7562|1|DEBUG|Microsoft.AspNetCore.Server.IIS.Core.IISHttpServer|Connection ID "18374686489872171009" disconnecting. 
2024-04-01 21:40:02.7562|2|INFO|Microsoft.AspNetCore.Hosting.Diagnostics|Request finished HTTP/2 GET https://localhost:44360/swagger/index.html - - - 200 - text/html;charset=utf-8 2096.0786ms 
2024-04-01 21:40:03.8060|1|INFO|Microsoft.AspNetCore.Hosting.Diagnostics|Request starting HTTP/2 GET https://localhost:44360/_framework/aspnetcore-browser-refresh.js - - 
2024-04-01 21:40:03.8060|1|INFO|Microsoft.AspNetCore.Hosting.Diagnostics|Request starting HTTP/2 GET https://localhost:44360/_vs/browserLink - - 
2024-04-01 21:40:03.8554|2|INFO|Microsoft.AspNetCore.Hosting.Diagnostics|Request finished HTTP/2 GET https://localhost:44360/_framework/aspnetcore-browser-refresh.js - - - 200 11988 application/javascript;+charset=utf-8 48.8960ms 
2024-04-01 21:40:03.9958|1|DEBUG|Microsoft.AspNetCore.Server.IIS.Core.IISHttpServer|Connection ID "17942340929939570689" disconnecting. 
2024-04-01 21:40:03.9958|2|INFO|Microsoft.AspNetCore.Hosting.Diagnostics|Request finished HTTP/2 GET https://localhost:44360/_vs/browserLink - - - 200 - text/javascript;+charset=UTF-8 194.2923ms 
2024-04-01 21:40:04.1297|1|INFO|Microsoft.AspNetCore.Hosting.Diagnostics|Request starting HTTP/2 GET https://localhost:44360/swagger/v1/swagger.json - - 
2024-04-01 21:40:04.1297|2|TRACE|Microsoft.AspNetCore.HostFiltering.HostFilteringMiddleware|All hosts are allowed. 
2024-04-01 21:40:04.1297|1000|DEBUG|Microsoft.AspNetCore.Routing.Matching.DfaMatcher|No candidates found for the request path '/swagger/v1/swagger.json' 
2024-04-01 21:40:04.1297|2|DEBUG|Microsoft.AspNetCore.Routing.EndpointRoutingMiddleware|Request did not match any endpoints 
2024-04-01 21:40:04.3047|2|INFO|Microsoft.AspNetCore.Hosting.Diagnostics|Request finished HTTP/2 GET https://localhost:44360/swagger/v1/swagger.json - - - 200 - application/json;charset=utf-8 174.8838ms 
2024-04-01 21:41:07.3739|1|INFO|Microsoft.AspNetCore.Hosting.Diagnostics|Request starting HTTP/2 POST https://localhost:44360/api/account/register application/json 94 
2024-04-01 21:41:07.3739|2|TRACE|Microsoft.AspNetCore.HostFiltering.HostFilteringMiddleware|All hosts are allowed. 
2024-04-01 21:41:07.3786|1001|DEBUG|Microsoft.AspNetCore.Routing.Matching.DfaMatcher|1 candidate(s) found for the request path '/api/account/register' 
2024-04-01 21:41:07.3786|1005|DEBUG|Microsoft.AspNetCore.Routing.Matching.DfaMatcher|Endpoint 'Find_H_er.Controllers.AccountController.RegisterUser (Find(H)er)' with route pattern 'api/account/register' is valid for the request path '/api/account/register' 
2024-04-01 21:41:07.3786|1|DEBUG|Microsoft.AspNetCore.Routing.EndpointRoutingMiddleware|Request matched endpoint 'Find_H_er.Controllers.AccountController.RegisterUser (Find(H)er)' 
2024-04-01 21:41:07.3786|2|DEBUG|Microsoft.AspNetCore.Cors.Infrastructure.CorsService|The request has an origin header: 'https://localhost:44360'. 
2024-04-01 21:41:07.3786|4|INFO|Microsoft.AspNetCore.Cors.Infrastructure.CorsService|CORS policy execution successful. 
2024-04-01 21:41:07.3786|15|DEBUG|Microsoft.AspNetCore.StaticFiles.StaticFileMiddleware|Static files was skipped as the request already matched an endpoint. 
2024-04-01 21:41:08.1710|9|DEBUG|Microsoft.AspNetCore.Authentication.JwtBearer.JwtBearerHandler|AuthenticationScheme: Bearer was not authenticated. 
2024-04-01 21:41:08.1754|0|INFO|Microsoft.AspNetCore.Routing.EndpointMiddleware|Executing endpoint 'Find_H_er.Controllers.AccountController.RegisterUser (Find(H)er)' 
2024-04-01 21:41:08.1982|102|INFO|Microsoft.AspNetCore.Mvc.Infrastructure.ControllerActionInvoker|Route matched with {action = "RegisterUser", controller = "Account"}. Executing controller action with signature System.Threading.Tasks.Task`1[Microsoft.AspNetCore.Mvc.ActionResult] RegisterUser(Find_H_er.Models.RegisterUserDto) on controller Find_H_er.Controllers.AccountController (Find(H)er). 
2024-04-01 21:41:08.1982|1|DEBUG|Microsoft.AspNetCore.Mvc.Infrastructure.ControllerActionInvoker|Execution plan of authorization filters (in the following order): None 
2024-04-01 21:41:08.1982|1|DEBUG|Microsoft.AspNetCore.Mvc.Infrastructure.ControllerActionInvoker|Execution plan of resource filters (in the following order): None 
2024-04-01 21:41:08.1982|1|DEBUG|Microsoft.AspNetCore.Mvc.Infrastructure.ControllerActionInvoker|Execution plan of action filters (in the following order): Microsoft.AspNetCore.Mvc.ModelBinding.UnsupportedContentTypeFilter (Order: -3000), Microsoft.AspNetCore.Mvc.Infrastructure.ModelStateInvalidFilter (Order: -2000) 
2024-04-01 21:41:08.1982|1|DEBUG|Microsoft.AspNetCore.Mvc.Infrastructure.ControllerActionInvoker|Execution plan of exception filters (in the following order): None 
2024-04-01 21:41:08.1982|1|DEBUG|Microsoft.AspNetCore.Mvc.Infrastructure.ControllerActionInvoker|Execution plan of result filters (in the following order): Microsoft.AspNetCore.Mvc.Infrastructure.ClientErrorResultFilter (Order: -2000) 
2024-04-01 21:41:08.1982|1|DEBUG|Microsoft.AspNetCore.Mvc.Infrastructure.ControllerActionInvoker|Executing controller factory for controller Find_H_er.Controllers.AccountController (Find(H)er) 
2024-04-01 21:41:08.3348|2|DEBUG|Microsoft.AspNetCore.Mvc.Infrastructure.ControllerActionInvoker|Executed controller factory for controller Find_H_er.Controllers.AccountController (Find(H)er) 
2024-04-01 21:41:08.3348|22|DEBUG|Microsoft.AspNetCore.Mvc.ModelBinding.ParameterBinder|Attempting to bind parameter 'dto' of type 'Find_H_er.Models.RegisterUserDto' ... 
2024-04-01 21:41:08.3348|44|DEBUG|Microsoft.AspNetCore.Mvc.ModelBinding.Binders.BodyModelBinder|Attempting to bind parameter 'dto' of type 'Find_H_er.Models.RegisterUserDto' using the name '' in request data ... 
2024-04-01 21:41:08.3472|1|DEBUG|Microsoft.AspNetCore.Mvc.ModelBinding.Binders.BodyModelBinder|Selected input formatter 'Microsoft.AspNetCore.Mvc.Formatters.SystemTextJsonInputFormatter' for content type 'application/json'. 
2024-04-01 21:41:08.3621|2|DEBUG|Microsoft.AspNetCore.Mvc.Formatters.SystemTextJsonInputFormatter|JSON input formatter succeeded, deserializing to type 'Find_H_er.Models.RegisterUserDto' 
2024-04-01 21:41:08.3621|45|DEBUG|Microsoft.AspNetCore.Mvc.ModelBinding.Binders.BodyModelBinder|Done attempting to bind parameter 'dto' of type 'Find_H_er.Models.RegisterUserDto'. 
2024-04-01 21:41:08.3621|23|DEBUG|Microsoft.AspNetCore.Mvc.ModelBinding.ParameterBinder|Done attempting to bind parameter 'dto' of type 'Find_H_er.Models.RegisterUserDto'. 
2024-04-01 21:41:08.3621|26|DEBUG|Microsoft.AspNetCore.Mvc.ModelBinding.ParameterBinder|Attempting to validate the bound parameter 'dto' of type 'Find_H_er.Models.RegisterUserDto' ... 
2024-04-01 21:41:08.4988|10403|DEBUG|Microsoft.EntityFrameworkCore.Infrastructure|Entity Framework Core 7.0.13 initialized 'AppDbContext' using provider 'Microsoft.EntityFrameworkCore.SqlServer:7.0.13' with options: None 
2024-04-01 21:41:08.5067|10111|DEBUG|Microsoft.EntityFrameworkCore.Query|Compiling query expression: 
'DbSet<User>()
    .Any(x => x.Email == __value_0)' 
2024-04-01 21:41:08.5576|10107|DEBUG|Microsoft.EntityFrameworkCore.Query|Generated query execution expression: 
'queryContext => new SingleQueryingEnumerable<bool>(
    (RelationalQueryContext)queryContext, 
    RelationalCommandCache.QueryExpression(
        Projection Mapping:
            EmptyProjectionMember -> 0
        SELECT EXISTS (
            SELECT 1
            FROM Users AS u
            WHERE u.Email == @__value_0)), 
    null, 
    Func<QueryContext, DbDataReader, ResultContext, SingleQueryResultCoordinator, bool>, 
    Find_H_er.Entities.AppDbContext, 
    False, 
    False, 
    True
)
    .Single()' 
2024-04-01 21:41:08.5576|20103|DEBUG|Microsoft.EntityFrameworkCore.Database.Command|Creating DbCommand for 'ExecuteReader'. 
2024-04-01 21:41:08.5576|20005|DEBUG|Microsoft.EntityFrameworkCore.Database.Connection|Creating DbConnection. 
2024-04-01 21:41:08.5576|20006|DEBUG|Microsoft.EntityFrameworkCore.Database.Connection|Created DbConnection. (0ms). 
2024-04-01 21:41:08.5576|20104|DEBUG|Microsoft.EntityFrameworkCore.Database.Command|Created DbCommand for 'ExecuteReader' (0ms). 
2024-04-01 21:41:08.5821|20106|DEBUG|Microsoft.EntityFrameworkCore.Database.Command|Initialized DbCommand for 'ExecuteReader' (18ms). 
2024-04-01 21:41:08.5821|20000|DEBUG|Microsoft.EntityFrameworkCore.Database.Connection|Opening connection to database 'Findher' on server '(localdb)\MSSQLLocalDB'. 
2024-04-01 21:41:08.5821|20001|DEBUG|Microsoft.EntityFrameworkCore.Database.Connection|Opened connection to database 'Findher' on server '(localdb)\MSSQLLocalDB'. 
2024-04-01 21:41:08.5821|20100|DEBUG|Microsoft.EntityFrameworkCore.Database.Command|Executing DbCommand [Parameters=[@__value_0='?' (Size = 4000)], CommandType='Text', CommandTimeout='30']
SELECT CASE
    WHEN EXISTS (
        SELECT 1
        FROM [Users] AS [u]
        WHERE [u].[Email] = @__value_0) THEN CAST(1 AS bit)
    ELSE CAST(0 AS bit)
END 
2024-04-01 21:41:08.6906|20101|INFO|Microsoft.EntityFrameworkCore.Database.Command|Executed DbCommand (108ms) [Parameters=[@__value_0='?' (Size = 4000)], CommandType='Text', CommandTimeout='30']
SELECT CASE
    WHEN EXISTS (
        SELECT 1
        FROM [Users] AS [u]
        WHERE [u].[Email] = @__value_0) THEN CAST(1 AS bit)
    ELSE CAST(0 AS bit)
END 
2024-04-01 21:41:08.6906|20301|DEBUG|Microsoft.EntityFrameworkCore.Database.Command|Closing data reader to 'Findher' on server '(localdb)\MSSQLLocalDB'. 
2024-04-01 21:41:08.6906|20300|DEBUG|Microsoft.EntityFrameworkCore.Database.Command|A data reader for 'Findher' on server '(localdb)\MSSQLLocalDB' is being disposed after spending 0ms reading results. 
2024-04-01 21:41:08.6906|20002|DEBUG|Microsoft.EntityFrameworkCore.Database.Connection|Closing connection to database 'Findher' on server '(localdb)\MSSQLLocalDB'. 
2024-04-01 21:41:08.6906|20003|DEBUG|Microsoft.EntityFrameworkCore.Database.Connection|Closed connection to database 'Findher' on server '(localdb)\MSSQLLocalDB' (0ms). 
2024-04-01 21:41:08.6906|27|DEBUG|Microsoft.AspNetCore.Mvc.ModelBinding.ParameterBinder|Done attempting to validate the bound parameter 'dto' of type 'Find_H_er.Models.RegisterUserDto'. 
2024-04-01 21:41:08.6906|52|TRACE|Microsoft.AspNetCore.Mvc.Infrastructure.ControllerActionInvoker|Action Filter: Before executing OnActionExecuting on filter Microsoft.AspNetCore.Mvc.ModelBinding.UnsupportedContentTypeFilter. 
2024-04-01 21:41:08.6906|53|TRACE|Microsoft.AspNetCore.Mvc.Infrastructure.ControllerActionInvoker|Action Filter: After executing OnActionExecuting on filter Microsoft.AspNetCore.Mvc.ModelBinding.UnsupportedContentTypeFilter. 
2024-04-01 21:41:08.6906|52|TRACE|Microsoft.AspNetCore.Mvc.Infrastructure.ControllerActionInvoker|Action Filter: Before executing OnActionExecuting on filter Microsoft.AspNetCore.Mvc.Infrastructure.ModelStateInvalidFilter. 
2024-04-01 21:41:08.6906|53|TRACE|Microsoft.AspNetCore.Mvc.Infrastructure.ControllerActionInvoker|Action Filter: After executing OnActionExecuting on filter Microsoft.AspNetCore.Mvc.Infrastructure.ModelStateInvalidFilter. 
2024-04-01 21:41:08.6906|101|INFO|Microsoft.AspNetCore.Mvc.Infrastructure.ControllerActionInvoker|Executing action method Find_H_er.Controllers.AccountController.RegisterUser (Find(H)er) - Validation state: Valid 
2024-04-01 21:41:08.6906|102|TRACE|Microsoft.AspNetCore.Mvc.Infrastructure.ControllerActionInvoker|Executing action method Find_H_er.Controllers.AccountController.RegisterUser (Find(H)er) with arguments (Find_H_er.Models.RegisterUserDto) 
2024-04-01 21:41:08.8431|10111|DEBUG|Microsoft.EntityFrameworkCore.Query|Compiling query expression: 
'DbSet<Role>()
    .FirstOrDefault(x => x.Name == "Unconfirmed")' 
2024-04-01 21:41:08.8930|10107|DEBUG|Microsoft.EntityFrameworkCore.Query|Generated query execution expression: 
'queryContext => ShapedQueryCompilingExpressionVisitor.SingleOrDefaultAsync<Role>(
    asyncEnumerable: new SingleQueryingEnumerable<Role>(
        (RelationalQueryContext)queryContext, 
        RelationalCommandCache.QueryExpression(
            Projection Mapping:
                EmptyProjectionMember -> Dictionary<IProperty, int> { [Property: Role.RoleId (int) Required PK AfterSave:Throw ValueGenerated.OnAdd, 0], [Property: Role.Name (string) Required, 1] }
            SELECT TOP(1) r.RoleId, r.Name
            FROM Roles AS r
            WHERE r.Name == N'Unconfirmed'), 
        null, 
        Func<QueryContext, DbDataReader, ResultContext, SingleQueryResultCoordinator, Role>, 
        Find_H_er.Entities.AppDbContext, 
        False, 
        False, 
        True
    ), 
    cancellationToken: queryContext.CancellationToken)' 
2024-04-01 21:41:08.9086|20103|DEBUG|Microsoft.EntityFrameworkCore.Database.Command|Creating DbCommand for 'ExecuteReader'. 
2024-04-01 21:41:08.9086|20104|DEBUG|Microsoft.EntityFrameworkCore.Database.Command|Created DbCommand for 'ExecuteReader' (0ms). 
2024-04-01 21:41:08.9086|20106|DEBUG|Microsoft.EntityFrameworkCore.Database.Command|Initialized DbCommand for 'ExecuteReader' (0ms). 
2024-04-01 21:41:08.9086|20000|DEBUG|Microsoft.EntityFrameworkCore.Database.Connection|Opening connection to database 'Findher' on server '(localdb)\MSSQLLocalDB'. 
2024-04-01 21:41:08.9086|20001|DEBUG|Microsoft.EntityFrameworkCore.Database.Connection|Opened connection to database 'Findher' on server '(localdb)\MSSQLLocalDB'. 
2024-04-01 21:41:08.9086|20100|DEBUG|Microsoft.EntityFrameworkCore.Database.Command|Executing DbCommand [Parameters=[], CommandType='Text', CommandTimeout='30']
SELECT TOP(1) [r].[RoleId], [r].[Name]
FROM [Roles] AS [r]
WHERE [r].[Name] = N'Unconfirmed' 
2024-04-01 21:41:08.9495|20101|INFO|Microsoft.EntityFrameworkCore.Database.Command|Executed DbCommand (35ms) [Parameters=[], CommandType='Text', CommandTimeout='30']
SELECT TOP(1) [r].[RoleId], [r].[Name]
FROM [Roles] AS [r]
WHERE [r].[Name] = N'Unconfirmed' 
2024-04-01 21:41:08.9982|10806|DEBUG|Microsoft.EntityFrameworkCore.ChangeTracking|Context 'AppDbContext' started tracking 'Role' entity. Consider using 'DbContextOptionsBuilder.EnableSensitiveDataLogging' to see key values. 
2024-04-01 21:41:09.0149|20301|DEBUG|Microsoft.EntityFrameworkCore.Database.Command|Closing data reader to 'Findher' on server '(localdb)\MSSQLLocalDB'. 
2024-04-01 21:41:09.0149|20300|DEBUG|Microsoft.EntityFrameworkCore.Database.Command|A data reader for 'Findher' on server '(localdb)\MSSQLLocalDB' is being disposed after spending 65ms reading results. 
2024-04-01 21:41:09.0149|20002|DEBUG|Microsoft.EntityFrameworkCore.Database.Connection|Closing connection to database 'Findher' on server '(localdb)\MSSQLLocalDB'. 
2024-04-01 21:41:09.0149|20003|DEBUG|Microsoft.EntityFrameworkCore.Database.Connection|Closed connection to database 'Findher' on server '(localdb)\MSSQLLocalDB' (0ms). 
2024-04-01 21:41:09.0662|10808|DEBUG|Microsoft.EntityFrameworkCore.ChangeTracking|'"AppDbContext"' generated a temporary value for the property '"UserId"."User"'. Consider using 'DbContextOptionsBuilder.EnableSensitiveDataLogging' to see key values. 
2024-04-01 21:41:09.1312|10806|DEBUG|Microsoft.EntityFrameworkCore.ChangeTracking|Context 'AppDbContext' started tracking 'User' entity. Consider using 'DbContextOptionsBuilder.EnableSensitiveDataLogging' to see key values. 
2024-04-01 21:41:09.1312|10004|DEBUG|Microsoft.EntityFrameworkCore.Update|SaveChanges starting for 'AppDbContext'. 
2024-04-01 21:41:09.1312|10800|DEBUG|Microsoft.EntityFrameworkCore.ChangeTracking|DetectChanges starting for 'AppDbContext'. 
2024-04-01 21:41:09.1547|10801|DEBUG|Microsoft.EntityFrameworkCore.ChangeTracking|DetectChanges completed for 'AppDbContext'. 
2024-04-01 21:41:09.2331|20000|DEBUG|Microsoft.EntityFrameworkCore.Database.Connection|Opening connection to database 'Findher' on server '(localdb)\MSSQLLocalDB'. 
2024-04-01 21:41:09.2331|20001|DEBUG|Microsoft.EntityFrameworkCore.Database.Connection|Opened connection to database 'Findher' on server '(localdb)\MSSQLLocalDB'. 
2024-04-01 21:41:09.2331|20103|DEBUG|Microsoft.EntityFrameworkCore.Database.Command|Creating DbCommand for 'ExecuteReader'. 
2024-04-01 21:41:09.2331|20104|DEBUG|Microsoft.EntityFrameworkCore.Database.Command|Created DbCommand for 'ExecuteReader' (0ms). 
2024-04-01 21:41:09.2331|20106|DEBUG|Microsoft.EntityFrameworkCore.Database.Command|Initialized DbCommand for 'ExecuteReader' (0ms). 
2024-04-01 21:41:09.2331|20100|DEBUG|Microsoft.EntityFrameworkCore.Database.Command|Executing DbCommand [Parameters=[@p0='?' (DbType = Int32), @p1='?' (Size = 4000), @p2='?' (Size = 4000), @p3='?' (Size = 4000), @p4='?' (Size = 4000), @p5='?' (DbType = Int32), @p6='?' (DbType = Int32), @p7='?' (Size = 25), @p8='?' (Size = 4000), @p9='?' (DbType = Int32), @p10='?' (Size = 4000), @p11='?' (Size = 4000)], CommandType='Text', CommandTimeout='30']
SET IMPLICIT_TRANSACTIONS OFF;
SET NOCOUNT ON;
INSERT INTO [Users] ([Age], [ConnectionId], [Description], [Email], [Image], [MatchFormId], [MatchFormScore], [Name], [PasswordHash], [RoleId], [Sex], [VerificationToken])
OUTPUT INSERTED.[UserId]
VALUES (@p0, @p1, @p2, @p3, @p4, @p5, @p6, @p7, @p8, @p9, @p10, @p11); 
2024-04-01 21:41:09.2665|20101|INFO|Microsoft.EntityFrameworkCore.Database.Command|Executed DbCommand (30ms) [Parameters=[@p0='?' (DbType = Int32), @p1='?' (Size = 4000), @p2='?' (Size = 4000), @p3='?' (Size = 4000), @p4='?' (Size = 4000), @p5='?' (DbType = Int32), @p6='?' (DbType = Int32), @p7='?' (Size = 25), @p8='?' (Size = 4000), @p9='?' (DbType = Int32), @p10='?' (Size = 4000), @p11='?' (Size = 4000)], CommandType='Text', CommandTimeout='30']
SET IMPLICIT_TRANSACTIONS OFF;
SET NOCOUNT ON;
INSERT INTO [Users] ([Age], [ConnectionId], [Description], [Email], [Image], [MatchFormId], [MatchFormScore], [Name], [PasswordHash], [RoleId], [Sex], [VerificationToken])
OUTPUT INSERTED.[UserId]
VALUES (@p0, @p1, @p2, @p3, @p4, @p5, @p6, @p7, @p8, @p9, @p10, @p11); 
2024-04-01 21:41:09.2783|10803|DEBUG|Microsoft.EntityFrameworkCore.ChangeTracking|The foreign key property 'User.UserId' was detected as changed. Consider using 'DbContextOptionsBuilder.EnableSensitiveDataLogging' to see property values. 
2024-04-01 21:41:09.2848|20301|DEBUG|Microsoft.EntityFrameworkCore.Database.Command|Closing data reader to 'Findher' on server '(localdb)\MSSQLLocalDB'. 
2024-04-01 21:41:09.2848|20300|DEBUG|Microsoft.EntityFrameworkCore.Database.Command|A data reader for 'Findher' on server '(localdb)\MSSQLLocalDB' is being disposed after spending 18ms reading results. 
2024-04-01 21:41:09.2848|20002|DEBUG|Microsoft.EntityFrameworkCore.Database.Connection|Closing connection to database 'Findher' on server '(localdb)\MSSQLLocalDB'. 
2024-04-01 21:41:09.2848|20003|DEBUG|Microsoft.EntityFrameworkCore.Database.Connection|Closed connection to database 'Findher' on server '(localdb)\MSSQLLocalDB' (0ms). 
2024-04-01 21:41:09.2848|10807|DEBUG|Microsoft.EntityFrameworkCore.ChangeTracking|An entity of type 'User' tracked by 'AppDbContext' changed state from 'Added' to 'Unchanged'. Consider using 'DbContextOptionsBuilder.EnableSensitiveDataLogging' to see key values. 
2024-04-01 21:41:09.2848|10005|DEBUG|Microsoft.EntityFrameworkCore.Update|SaveChanges completed for 'AppDbContext' with 1 entities written to the database. 
2024-04-01 21:41:09.3015|10111|DEBUG|Microsoft.EntityFrameworkCore.Query|Compiling query expression: 
'DbSet<Question>()' 
2024-04-01 21:41:09.3015|10107|DEBUG|Microsoft.EntityFrameworkCore.Query|Generated query execution expression: 
'queryContext => new SingleQueryingEnumerable<Question>(
    (RelationalQueryContext)queryContext, 
    RelationalCommandCache.QueryExpression(
        Projection Mapping:
            EmptyProjectionMember -> Dictionary<IProperty, int> { [Property: Question.QuestionId (int) Required PK AfterSave:Throw ValueGenerated.OnAdd, 0], [Property: Question.QuestionContent (string) Required, 1] }
        SELECT q.QuestionId, q.QuestionContent
        FROM Questions AS q), 
    null, 
    Func<QueryContext, DbDataReader, ResultContext, SingleQueryResultCoordinator, Question>, 
    Find_H_er.Entities.AppDbContext, 
    False, 
    False, 
    True
)' 
2024-04-01 21:41:09.3015|20103|DEBUG|Microsoft.EntityFrameworkCore.Database.Command|Creating DbCommand for 'ExecuteReader'. 
2024-04-01 21:41:09.3015|20104|DEBUG|Microsoft.EntityFrameworkCore.Database.Command|Created DbCommand for 'ExecuteReader' (0ms). 
2024-04-01 21:41:09.3015|20106|DEBUG|Microsoft.EntityFrameworkCore.Database.Command|Initialized DbCommand for 'ExecuteReader' (0ms). 
2024-04-01 21:41:09.3015|20000|DEBUG|Microsoft.EntityFrameworkCore.Database.Connection|Opening connection to database 'Findher' on server '(localdb)\MSSQLLocalDB'. 
2024-04-01 21:41:09.3015|20001|DEBUG|Microsoft.EntityFrameworkCore.Database.Connection|Opened connection to database 'Findher' on server '(localdb)\MSSQLLocalDB'. 
2024-04-01 21:41:09.3015|20100|DEBUG|Microsoft.EntityFrameworkCore.Database.Command|Executing DbCommand [Parameters=[], CommandType='Text', CommandTimeout='30']
SELECT [q].[QuestionId], [q].[QuestionContent]
FROM [Questions] AS [q] 
2024-04-01 21:41:09.3015|20101|INFO|Microsoft.EntityFrameworkCore.Database.Command|Executed DbCommand (3ms) [Parameters=[], CommandType='Text', CommandTimeout='30']
SELECT [q].[QuestionId], [q].[QuestionContent]
FROM [Questions] AS [q] 
2024-04-01 21:41:09.3181|10806|DEBUG|Microsoft.EntityFrameworkCore.ChangeTracking|Context 'AppDbContext' started tracking 'Question' entity. Consider using 'DbContextOptionsBuilder.EnableSensitiveDataLogging' to see key values. 
2024-04-01 21:41:09.3181|10806|DEBUG|Microsoft.EntityFrameworkCore.ChangeTracking|Context 'AppDbContext' started tracking 'Question' entity. Consider using 'DbContextOptionsBuilder.EnableSensitiveDataLogging' to see key values. 
2024-04-01 21:41:09.3181|10806|DEBUG|Microsoft.EntityFrameworkCore.ChangeTracking|Context 'AppDbContext' started tracking 'Question' entity. Consider using 'DbContextOptionsBuilder.EnableSensitiveDataLogging' to see key values. 
2024-04-01 21:41:09.3181|10806|DEBUG|Microsoft.EntityFrameworkCore.ChangeTracking|Context 'AppDbContext' started tracking 'Question' entity. Consider using 'DbContextOptionsBuilder.EnableSensitiveDataLogging' to see key values. 
2024-04-01 21:41:09.3181|10806|DEBUG|Microsoft.EntityFrameworkCore.ChangeTracking|Context 'AppDbContext' started tracking 'Question' entity. Consider using 'DbContextOptionsBuilder.EnableSensitiveDataLogging' to see key values. 
2024-04-01 21:41:09.3181|10806|DEBUG|Microsoft.EntityFrameworkCore.ChangeTracking|Context 'AppDbContext' started tracking 'Question' entity. Consider using 'DbContextOptionsBuilder.EnableSensitiveDataLogging' to see key values. 
2024-04-01 21:41:09.3181|10806|DEBUG|Microsoft.EntityFrameworkCore.ChangeTracking|Context 'AppDbContext' started tracking 'Question' entity. Consider using 'DbContextOptionsBuilder.EnableSensitiveDataLogging' to see key values. 
2024-04-01 21:41:09.3181|10806|DEBUG|Microsoft.EntityFrameworkCore.ChangeTracking|Context 'AppDbContext' started tracking 'Question' entity. Consider using 'DbContextOptionsBuilder.EnableSensitiveDataLogging' to see key values. 
2024-04-01 21:41:09.3181|10806|DEBUG|Microsoft.EntityFrameworkCore.ChangeTracking|Context 'AppDbContext' started tracking 'Question' entity. Consider using 'DbContextOptionsBuilder.EnableSensitiveDataLogging' to see key values. 
2024-04-01 21:41:09.3181|10806|DEBUG|Microsoft.EntityFrameworkCore.ChangeTracking|Context 'AppDbContext' started tracking 'Question' entity. Consider using 'DbContextOptionsBuilder.EnableSensitiveDataLogging' to see key values. 
2024-04-01 21:41:09.3181|10806|DEBUG|Microsoft.EntityFrameworkCore.ChangeTracking|Context 'AppDbContext' started tracking 'Question' entity. Consider using 'DbContextOptionsBuilder.EnableSensitiveDataLogging' to see key values. 
2024-04-01 21:41:09.3181|10806|DEBUG|Microsoft.EntityFrameworkCore.ChangeTracking|Context 'AppDbContext' started tracking 'Question' entity. Consider using 'DbContextOptionsBuilder.EnableSensitiveDataLogging' to see key values. 
2024-04-01 21:41:09.3181|10806|DEBUG|Microsoft.EntityFrameworkCore.ChangeTracking|Context 'AppDbContext' started tracking 'Question' entity. Consider using 'DbContextOptionsBuilder.EnableSensitiveDataLogging' to see key values. 
2024-04-01 21:41:09.3181|10806|DEBUG|Microsoft.EntityFrameworkCore.ChangeTracking|Context 'AppDbContext' started tracking 'Question' entity. Consider using 'DbContextOptionsBuilder.EnableSensitiveDataLogging' to see key values. 
2024-04-01 21:41:09.3181|10806|DEBUG|Microsoft.EntityFrameworkCore.ChangeTracking|Context 'AppDbContext' started tracking 'Question' entity. Consider using 'DbContextOptionsBuilder.EnableSensitiveDataLogging' to see key values. 
2024-04-01 21:41:09.3181|10806|DEBUG|Microsoft.EntityFrameworkCore.ChangeTracking|Context 'AppDbContext' started tracking 'Question' entity. Consider using 'DbContextOptionsBuilder.EnableSensitiveDataLogging' to see key values. 
2024-04-01 21:41:09.3181|10806|DEBUG|Microsoft.EntityFrameworkCore.ChangeTracking|Context 'AppDbContext' started tracking 'Question' entity. Consider using 'DbContextOptionsBuilder.EnableSensitiveDataLogging' to see key values. 
2024-04-01 21:41:09.3181|10806|DEBUG|Microsoft.EntityFrameworkCore.ChangeTracking|Context 'AppDbContext' started tracking 'Question' entity. Consider using 'DbContextOptionsBuilder.EnableSensitiveDataLogging' to see key values. 
2024-04-01 21:41:09.3181|10806|DEBUG|Microsoft.EntityFrameworkCore.ChangeTracking|Context 'AppDbContext' started tracking 'Question' entity. Consider using 'DbContextOptionsBuilder.EnableSensitiveDataLogging' to see key values. 
2024-04-01 21:41:09.3181|10806|DEBUG|Microsoft.EntityFrameworkCore.ChangeTracking|Context 'AppDbContext' started tracking 'Question' entity. Consider using 'DbContextOptionsBuilder.EnableSensitiveDataLogging' to see key values. 
2024-04-01 21:41:09.3181|20301|DEBUG|Microsoft.EntityFrameworkCore.Database.Command|Closing data reader to 'Findher' on server '(localdb)\MSSQLLocalDB'. 
2024-04-01 21:41:09.3181|20300|DEBUG|Microsoft.EntityFrameworkCore.Database.Command|A data reader for 'Findher' on server '(localdb)\MSSQLLocalDB' is being disposed after spending 16ms reading results. 
2024-04-01 21:41:09.3181|20002|DEBUG|Microsoft.EntityFrameworkCore.Database.Connection|Closing connection to database 'Findher' on server '(localdb)\MSSQLLocalDB'. 
2024-04-01 21:41:09.3181|20003|DEBUG|Microsoft.EntityFrameworkCore.Database.Connection|Closed connection to database 'Findher' on server '(localdb)\MSSQLLocalDB' (0ms). 
2024-04-01 21:41:09.3414|10805|DEBUG|Microsoft.EntityFrameworkCore.ChangeTracking|The navigation 'User.MatchForm' was detected as changed. Consider using 'DbContextOptionsBuilder.EnableSensitiveDataLogging' to see key values. 
2024-04-01 21:41:09.3556|10806|DEBUG|Microsoft.EntityFrameworkCore.ChangeTracking|Context 'AppDbContext' started tracking 'MatchForm' entity. Consider using 'DbContextOptionsBuilder.EnableSensitiveDataLogging' to see key values. 
2024-04-01 21:41:09.3720|10806|DEBUG|Microsoft.EntityFrameworkCore.ChangeTracking|Context 'AppDbContext' started tracking 'MatchFormQuestion' entity. Consider using 'DbContextOptionsBuilder.EnableSensitiveDataLogging' to see key values. 
2024-04-01 21:41:09.3720|10806|DEBUG|Microsoft.EntityFrameworkCore.ChangeTracking|Context 'AppDbContext' started tracking 'MatchFormQuestion' entity. Consider using 'DbContextOptionsBuilder.EnableSensitiveDataLogging' to see key values. 
2024-04-01 21:41:09.3720|10806|DEBUG|Microsoft.EntityFrameworkCore.ChangeTracking|Context 'AppDbContext' started tracking 'MatchFormQuestion' entity. Consider using 'DbContextOptionsBuilder.EnableSensitiveDataLogging' to see key values. 
2024-04-01 21:41:09.3720|10806|DEBUG|Microsoft.EntityFrameworkCore.ChangeTracking|Context 'AppDbContext' started tracking 'MatchFormQuestion' entity. Consider using 'DbContextOptionsBuilder.EnableSensitiveDataLogging' to see key values. 
2024-04-01 21:41:09.3720|10806|DEBUG|Microsoft.EntityFrameworkCore.ChangeTracking|Context 'AppDbContext' started tracking 'MatchFormQuestion' entity. Consider using 'DbContextOptionsBuilder.EnableSensitiveDataLogging' to see key values. 
2024-04-01 21:41:09.3720|10806|DEBUG|Microsoft.EntityFrameworkCore.ChangeTracking|Context 'AppDbContext' started tracking 'MatchFormQuestion' entity. Consider using 'DbContextOptionsBuilder.EnableSensitiveDataLogging' to see key values. 
2024-04-01 21:41:09.3720|10806|DEBUG|Microsoft.EntityFrameworkCore.ChangeTracking|Context 'AppDbContext' started tracking 'MatchFormQuestion' entity. Consider using 'DbContextOptionsBuilder.EnableSensitiveDataLogging' to see key values. 
2024-04-01 21:41:09.3720|10806|DEBUG|Microsoft.EntityFrameworkCore.ChangeTracking|Context 'AppDbContext' started tracking 'MatchFormQuestion' entity. Consider using 'DbContextOptionsBuilder.EnableSensitiveDataLogging' to see key values. 
2024-04-01 21:41:09.3720|10806|DEBUG|Microsoft.EntityFrameworkCore.ChangeTracking|Context 'AppDbContext' started tracking 'MatchFormQuestion' entity. Consider using 'DbContextOptionsBuilder.EnableSensitiveDataLogging' to see key values. 
2024-04-01 21:41:09.3720|10806|DEBUG|Microsoft.EntityFrameworkCore.ChangeTracking|Context 'AppDbContext' started tracking 'MatchFormQuestion' entity. Consider using 'DbContextOptionsBuilder.EnableSensitiveDataLogging' to see key values. 
2024-04-01 21:41:09.3720|10806|DEBUG|Microsoft.EntityFrameworkCore.ChangeTracking|Context 'AppDbContext' started tracking 'MatchFormQuestion' entity. Consider using 'DbContextOptionsBuilder.EnableSensitiveDataLogging' to see key values. 
2024-04-01 21:41:09.3720|10806|DEBUG|Microsoft.EntityFrameworkCore.ChangeTracking|Context 'AppDbContext' started tracking 'MatchFormQuestion' entity. Consider using 'DbContextOptionsBuilder.EnableSensitiveDataLogging' to see key values. 
2024-04-01 21:41:09.3720|10806|DEBUG|Microsoft.EntityFrameworkCore.ChangeTracking|Context 'AppDbContext' started tracking 'MatchFormQuestion' entity. Consider using 'DbContextOptionsBuilder.EnableSensitiveDataLogging' to see key values. 
2024-04-01 21:41:09.3720|10806|DEBUG|Microsoft.EntityFrameworkCore.ChangeTracking|Context 'AppDbContext' started tracking 'MatchFormQuestion' entity. Consider using 'DbContextOptionsBuilder.EnableSensitiveDataLogging' to see key values. 
2024-04-01 21:41:09.3720|10806|DEBUG|Microsoft.EntityFrameworkCore.ChangeTracking|Context 'AppDbContext' started tracking 'MatchFormQuestion' entity. Consider using 'DbContextOptionsBuilder.EnableSensitiveDataLogging' to see key values. 
2024-04-01 21:41:09.3720|10806|DEBUG|Microsoft.EntityFrameworkCore.ChangeTracking|Context 'AppDbContext' started tracking 'MatchFormQuestion' entity. Consider using 'DbContextOptionsBuilder.EnableSensitiveDataLogging' to see key values. 
2024-04-01 21:41:09.3720|10806|DEBUG|Microsoft.EntityFrameworkCore.ChangeTracking|Context 'AppDbContext' started tracking 'MatchFormQuestion' entity. Consider using 'DbContextOptionsBuilder.EnableSensitiveDataLogging' to see key values. 
2024-04-01 21:41:09.3720|10806|DEBUG|Microsoft.EntityFrameworkCore.ChangeTracking|Context 'AppDbContext' started tracking 'MatchFormQuestion' entity. Consider using 'DbContextOptionsBuilder.EnableSensitiveDataLogging' to see key values. 
2024-04-01 21:41:09.3720|10806|DEBUG|Microsoft.EntityFrameworkCore.ChangeTracking|Context 'AppDbContext' started tracking 'MatchFormQuestion' entity. Consider using 'DbContextOptionsBuilder.EnableSensitiveDataLogging' to see key values. 
2024-04-01 21:41:09.3720|10806|DEBUG|Microsoft.EntityFrameworkCore.ChangeTracking|Context 'AppDbContext' started tracking 'MatchFormQuestion' entity. Consider using 'DbContextOptionsBuilder.EnableSensitiveDataLogging' to see key values. 
2024-04-01 21:41:09.3720|10004|DEBUG|Microsoft.EntityFrameworkCore.Update|SaveChanges starting for 'AppDbContext'. 
2024-04-01 21:41:09.3720|10800|DEBUG|Microsoft.EntityFrameworkCore.ChangeTracking|DetectChanges starting for 'AppDbContext'. 
2024-04-01 21:41:09.3780|10801|DEBUG|Microsoft.EntityFrameworkCore.ChangeTracking|DetectChanges completed for 'AppDbContext'. 
2024-04-01 21:41:09.3780|20700|DEBUG|Microsoft.EntityFrameworkCore.Update|Executing 21 update commands as a batch. 
2024-04-01 21:41:09.3942|20000|DEBUG|Microsoft.EntityFrameworkCore.Database.Connection|Opening connection to database 'Findher' on server '(localdb)\MSSQLLocalDB'. 
2024-04-01 21:41:09.3942|20001|DEBUG|Microsoft.EntityFrameworkCore.Database.Connection|Opened connection to database 'Findher' on server '(localdb)\MSSQLLocalDB'. 
2024-04-01 21:41:09.3942|20209|DEBUG|Microsoft.EntityFrameworkCore.Database.Transaction|Beginning transaction with isolation level 'Unspecified'. 
2024-04-01 21:41:09.3942|20200|DEBUG|Microsoft.EntityFrameworkCore.Database.Transaction|Began transaction with isolation level 'ReadCommitted'. 
2024-04-01 21:41:09.3942|20103|DEBUG|Microsoft.EntityFrameworkCore.Database.Command|Creating DbCommand for 'ExecuteReader'. 
2024-04-01 21:41:09.3942|20104|DEBUG|Microsoft.EntityFrameworkCore.Database.Command|Created DbCommand for 'ExecuteReader' (0ms). 
2024-04-01 21:41:09.3942|20106|DEBUG|Microsoft.EntityFrameworkCore.Database.Command|Initialized DbCommand for 'ExecuteReader' (1ms). 
2024-04-01 21:41:09.3942|20100|DEBUG|Microsoft.EntityFrameworkCore.Database.Command|Executing DbCommand [Parameters=[@p0='?' (DbType = Int32), @p1='?' (DbType = Int32), @p2='?' (DbType = Int32), @p3='?' (DbType = Int32), @p4='?' (DbType = Int32), @p5='?' (DbType = Int32), @p6='?' (DbType = Int32), @p7='?' (DbType = Int32), @p8='?' (DbType = Int32), @p9='?' (DbType = Int32), @p10='?' (DbType = Int32), @p11='?' (DbType = Int32), @p12='?' (DbType = Int32), @p13='?' (DbType = Int32), @p14='?' (DbType = Int32), @p15='?' (DbType = Int32), @p16='?' (DbType = Int32), @p17='?' (DbType = Int32), @p18='?' (DbType = Int32), @p19='?' (DbType = Int32), @p20='?' (DbType = Int32), @p21='?' (DbType = Int32), @p22='?' (DbType = Int32), @p23='?' (DbType = Int32), @p24='?' (DbType = Int32), @p25='?' (DbType = Int32), @p26='?' (DbType = Int32), @p27='?' (DbType = Int32), @p28='?' (DbType = Int32), @p29='?' (DbType = Int32), @p30='?' (DbType = Int32), @p31='?' (DbType = Int32), @p32='?' (DbType = Int32), @p33='?' (DbType = Int32), @p34='?' (DbType = Int32), @p35='?' (DbType = Int32), @p36='?' (DbType = Int32), @p37='?' (DbType = Int32), @p38='?' (DbType = Int32), @p39='?' (DbType = Int32), @p40='?' (DbType = Int32), @p41='?' (DbType = Int32)], CommandType='Text', CommandTimeout='30']
SET NOCOUNT ON;
INSERT INTO [MatchForms] ([MatchFormId], [UserId])
VALUES (@p0, @p1);
INSERT INTO [MatchFormQuestion] ([MatchFormsMatchFormId], [QuestionsQuestionId])
VALUES (@p2, @p3),
(@p4, @p5),
(@p6, @p7),
(@p8, @p9),
(@p10, @p11),
(@p12, @p13),
(@p14, @p15),
(@p16, @p17),
(@p18, @p19),
(@p20, @p21),
(@p22, @p23),
(@p24, @p25),
(@p26, @p27),
(@p28, @p29),
(@p30, @p31),
(@p32, @p33),
(@p34, @p35),
(@p36, @p37),
(@p38, @p39),
(@p40, @p41); 
2024-04-01 21:41:09.4262|20101|INFO|Microsoft.EntityFrameworkCore.Database.Command|Executed DbCommand (20ms) [Parameters=[@p0='?' (DbType = Int32), @p1='?' (DbType = Int32), @p2='?' (DbType = Int32), @p3='?' (DbType = Int32), @p4='?' (DbType = Int32), @p5='?' (DbType = Int32), @p6='?' (DbType = Int32), @p7='?' (DbType = Int32), @p8='?' (DbType = Int32), @p9='?' (DbType = Int32), @p10='?' (DbType = Int32), @p11='?' (DbType = Int32), @p12='?' (DbType = Int32), @p13='?' (DbType = Int32), @p14='?' (DbType = Int32), @p15='?' (DbType = Int32), @p16='?' (DbType = Int32), @p17='?' (DbType = Int32), @p18='?' (DbType = Int32), @p19='?' (DbType = Int32), @p20='?' (DbType = Int32), @p21='?' (DbType = Int32), @p22='?' (DbType = Int32), @p23='?' (DbType = Int32), @p24='?' (DbType = Int32), @p25='?' (DbType = Int32), @p26='?' (DbType = Int32), @p27='?' (DbType = Int32), @p28='?' (DbType = Int32), @p29='?' (DbType = Int32), @p30='?' (DbType = Int32), @p31='?' (DbType = Int32), @p32='?' (DbType = Int32), @p33='?' (DbType = Int32), @p34='?' (DbType = Int32), @p35='?' (DbType = Int32), @p36='?' (DbType = Int32), @p37='?' (DbType = Int32), @p38='?' (DbType = Int32), @p39='?' (DbType = Int32), @p40='?' (DbType = Int32), @p41='?' (DbType = Int32)], CommandType='Text', CommandTimeout='30']
SET NOCOUNT ON;
INSERT INTO [MatchForms] ([MatchFormId], [UserId])
VALUES (@p0, @p1);
INSERT INTO [MatchFormQuestion] ([MatchFormsMatchFormId], [QuestionsQuestionId])
VALUES (@p2, @p3),
(@p4, @p5),
(@p6, @p7),
(@p8, @p9),
(@p10, @p11),
(@p12, @p13),
(@p14, @p15),
(@p16, @p17),
(@p18, @p19),
(@p20, @p21),
(@p22, @p23),
(@p24, @p25),
(@p26, @p27),
(@p28, @p29),
(@p30, @p31),
(@p32, @p33),
(@p34, @p35),
(@p36, @p37),
(@p38, @p39),
(@p40, @p41); 
2024-04-01 21:41:09.4262|20301|DEBUG|Microsoft.EntityFrameworkCore.Database.Command|Closing data reader to 'Findher' on server '(localdb)\MSSQLLocalDB'. 
2024-04-01 21:41:09.4262|20300|DEBUG|Microsoft.EntityFrameworkCore.Database.Command|A data reader for 'Findher' on server '(localdb)\MSSQLLocalDB' is being disposed after spending 0ms reading results. 
2024-04-01 21:41:09.4262|20210|DEBUG|Microsoft.EntityFrameworkCore.Database.Transaction|Committing transaction. 
2024-04-01 21:41:09.4262|20202|DEBUG|Microsoft.EntityFrameworkCore.Database.Transaction|Committed transaction. 
2024-04-01 21:41:09.4262|20002|DEBUG|Microsoft.EntityFrameworkCore.Database.Connection|Closing connection to database 'Findher' on server '(localdb)\MSSQLLocalDB'. 
2024-04-01 21:41:09.4262|20003|DEBUG|Microsoft.EntityFrameworkCore.Database.Connection|Closed connection to database 'Findher' on server '(localdb)\MSSQLLocalDB' (0ms). 
2024-04-01 21:41:09.4262|20204|DEBUG|Microsoft.EntityFrameworkCore.Database.Transaction|Disposing transaction. 
2024-04-01 21:41:09.4262|10807|DEBUG|Microsoft.EntityFrameworkCore.ChangeTracking|An entity of type 'MatchForm' tracked by 'AppDbContext' changed state from 'Added' to 'Unchanged'. Consider using 'DbContextOptionsBuilder.EnableSensitiveDataLogging' to see key values. 
2024-04-01 21:41:09.4262|10807|DEBUG|Microsoft.EntityFrameworkCore.ChangeTracking|An entity of type 'MatchFormQuestion' tracked by 'AppDbContext' changed state from 'Added' to 'Unchanged'. Consider using 'DbContextOptionsBuilder.EnableSensitiveDataLogging' to see key values. 
2024-04-01 21:41:09.4262|10807|DEBUG|Microsoft.EntityFrameworkCore.ChangeTracking|An entity of type 'MatchFormQuestion' tracked by 'AppDbContext' changed state from 'Added' to 'Unchanged'. Consider using 'DbContextOptionsBuilder.EnableSensitiveDataLogging' to see key values. 
2024-04-01 21:41:09.4262|10807|DEBUG|Microsoft.EntityFrameworkCore.ChangeTracking|An entity of type 'MatchFormQuestion' tracked by 'AppDbContext' changed state from 'Added' to 'Unchanged'. Consider using 'DbContextOptionsBuilder.EnableSensitiveDataLogging' to see key values. 
2024-04-01 21:41:09.4262|10807|DEBUG|Microsoft.EntityFrameworkCore.ChangeTracking|An entity of type 'MatchFormQuestion' tracked by 'AppDbContext' changed state from 'Added' to 'Unchanged'. Consider using 'DbContextOptionsBuilder.EnableSensitiveDataLogging' to see key values. 
2024-04-01 21:41:09.4262|10807|DEBUG|Microsoft.EntityFrameworkCore.ChangeTracking|An entity of type 'MatchFormQuestion' tracked by 'AppDbContext' changed state from 'Added' to 'Unchanged'. Consider using 'DbContextOptionsBuilder.EnableSensitiveDataLogging' to see key values. 
2024-04-01 21:41:09.4262|10807|DEBUG|Microsoft.EntityFrameworkCore.ChangeTracking|An entity of type 'MatchFormQuestion' tracked by 'AppDbContext' changed state from 'Added' to 'Unchanged'. Consider using 'DbContextOptionsBuilder.EnableSensitiveDataLogging' to see key values. 
2024-04-01 21:41:09.4262|10807|DEBUG|Microsoft.EntityFrameworkCore.ChangeTracking|An entity of type 'MatchFormQuestion' tracked by 'AppDbContext' changed state from 'Added' to 'Unchanged'. Consider using 'DbContextOptionsBuilder.EnableSensitiveDataLogging' to see key values. 
2024-04-01 21:41:09.4262|10807|DEBUG|Microsoft.EntityFrameworkCore.ChangeTracking|An entity of type 'MatchFormQuestion' tracked by 'AppDbContext' changed state from 'Added' to 'Unchanged'. Consider using 'DbContextOptionsBuilder.EnableSensitiveDataLogging' to see key values. 
2024-04-01 21:41:09.4262|10807|DEBUG|Microsoft.EntityFrameworkCore.ChangeTracking|An entity of type 'MatchFormQuestion' tracked by 'AppDbContext' changed state from 'Added' to 'Unchanged'. Consider using 'DbContextOptionsBuilder.EnableSensitiveDataLogging' to see key values. 
2024-04-01 21:41:09.4262|10807|DEBUG|Microsoft.EntityFrameworkCore.ChangeTracking|An entity of type 'MatchFormQuestion' tracked by 'AppDbContext' changed state from 'Added' to 'Unchanged'. Consider using 'DbContextOptionsBuilder.EnableSensitiveDataLogging' to see key values. 
2024-04-01 21:41:09.4262|10807|DEBUG|Microsoft.EntityFrameworkCore.ChangeTracking|An entity of type 'MatchFormQuestion' tracked by 'AppDbContext' changed state from 'Added' to 'Unchanged'. Consider using 'DbContextOptionsBuilder.EnableSensitiveDataLogging' to see key values. 
2024-04-01 21:41:09.4262|10807|DEBUG|Microsoft.EntityFrameworkCore.ChangeTracking|An entity of type 'MatchFormQuestion' tracked by 'AppDbContext' changed state from 'Added' to 'Unchanged'. Consider using 'DbContextOptionsBuilder.EnableSensitiveDataLogging' to see key values. 
2024-04-01 21:41:09.4262|10807|DEBUG|Microsoft.EntityFrameworkCore.ChangeTracking|An entity of type 'MatchFormQuestion' tracked by 'AppDbContext' changed state from 'Added' to 'Unchanged'. Consider using 'DbContextOptionsBuilder.EnableSensitiveDataLogging' to see key values. 
2024-04-01 21:41:09.4262|10807|DEBUG|Microsoft.EntityFrameworkCore.ChangeTracking|An entity of type 'MatchFormQuestion' tracked by 'AppDbContext' changed state from 'Added' to 'Unchanged'. Consider using 'DbContextOptionsBuilder.EnableSensitiveDataLogging' to see key values. 
2024-04-01 21:41:09.4262|10807|DEBUG|Microsoft.EntityFrameworkCore.ChangeTracking|An entity of type 'MatchFormQuestion' tracked by 'AppDbContext' changed state from 'Added' to 'Unchanged'. Consider using 'DbContextOptionsBuilder.EnableSensitiveDataLogging' to see key values. 
2024-04-01 21:41:09.4262|10807|DEBUG|Microsoft.EntityFrameworkCore.ChangeTracking|An entity of type 'MatchFormQuestion' tracked by 'AppDbContext' changed state from 'Added' to 'Unchanged'. Consider using 'DbContextOptionsBuilder.EnableSensitiveDataLogging' to see key values. 
2024-04-01 21:41:09.4262|10807|DEBUG|Microsoft.EntityFrameworkCore.ChangeTracking|An entity of type 'MatchFormQuestion' tracked by 'AppDbContext' changed state from 'Added' to 'Unchanged'. Consider using 'DbContextOptionsBuilder.EnableSensitiveDataLogging' to see key values. 
2024-04-01 21:41:09.4262|10807|DEBUG|Microsoft.EntityFrameworkCore.ChangeTracking|An entity of type 'MatchFormQuestion' tracked by 'AppDbContext' changed state from 'Added' to 'Unchanged'. Consider using 'DbContextOptionsBuilder.EnableSensitiveDataLogging' to see key values. 
2024-04-01 21:41:09.4262|10807|DEBUG|Microsoft.EntityFrameworkCore.ChangeTracking|An entity of type 'MatchFormQuestion' tracked by 'AppDbContext' changed state from 'Added' to 'Unchanged'. Consider using 'DbContextOptionsBuilder.EnableSensitiveDataLogging' to see key values. 
2024-04-01 21:41:09.4262|10807|DEBUG|Microsoft.EntityFrameworkCore.ChangeTracking|An entity of type 'MatchFormQuestion' tracked by 'AppDbContext' changed state from 'Added' to 'Unchanged'. Consider using 'DbContextOptionsBuilder.EnableSensitiveDataLogging' to see key values. 
2024-04-01 21:41:09.4262|10005|DEBUG|Microsoft.EntityFrameworkCore.Update|SaveChanges completed for 'AppDbContext' with 21 entities written to the database. 
2024-04-01 21:41:20.7928|52|TRACE|Microsoft.AspNetCore.Mvc.Infrastructure.ControllerActionInvoker|Action Filter: Before executing OnActionExecuted on filter Microsoft.AspNetCore.Mvc.Infrastructure.ModelStateInvalidFilter. 
2024-04-01 21:41:20.7928|53|TRACE|Microsoft.AspNetCore.Mvc.Infrastructure.ControllerActionInvoker|Action Filter: After executing OnActionExecuted on filter Microsoft.AspNetCore.Mvc.Infrastructure.ModelStateInvalidFilter. 
2024-04-01 21:41:20.7928|52|TRACE|Microsoft.AspNetCore.Mvc.Infrastructure.ControllerActionInvoker|Action Filter: Before executing OnActionExecuted on filter Microsoft.AspNetCore.Mvc.ModelBinding.UnsupportedContentTypeFilter. 
2024-04-01 21:41:20.7928|53|TRACE|Microsoft.AspNetCore.Mvc.Infrastructure.ControllerActionInvoker|Action Filter: After executing OnActionExecuted on filter Microsoft.AspNetCore.Mvc.ModelBinding.UnsupportedContentTypeFilter. 
2024-04-01 21:41:20.7928|105|INFO|Microsoft.AspNetCore.Mvc.Infrastructure.ControllerActionInvoker|Executed action Find_H_er.Controllers.AccountController.RegisterUser (Find(H)er) in 12595.2542ms 
2024-04-01 21:41:20.8006|1|INFO|Microsoft.AspNetCore.Routing.EndpointMiddleware|Executed endpoint 'Find_H_er.Controllers.AccountController.RegisterUser (Find(H)er)' 
2024-04-01 21:41:20.9404|0|ERROR|Find_H_er.Middleware.ErrorHandlingMiddleware|The SMTP server requires a secure connection or the client was not authenticated. The server response was: 5.7.57 Client not authenticated to send mail. Error: 535 5.7.139 Authentication unsuccessful, account locked. Contact your administrator. [WA1P291CA0016.POLP291.PROD.OUTLOOK.COM 2024-04-01T19:41:19.906Z 08DC51575AD89C79] System.Net.Mail.SmtpException: The SMTP server requires a secure connection or the client was not authenticated. The server response was: 5.7.57 Client not authenticated to send mail. Error: 535 5.7.139 Authentication unsuccessful, account locked. Contact your administrator. [WA1P291CA0016.POLP291.PROD.OUTLOOK.COM 2024-04-01T19:41:19.906Z 08DC51575AD89C79]
   at System.Net.Mail.MailCommand.CheckResponse(SmtpStatusCode statusCode, String response)
   at System.Net.Mail.MailCommand.EndSend(IAsyncResult result)
   at System.Net.Mail.SendMailAsyncResult.SendMailFromCompleted(IAsyncResult result)
--- End of stack trace from previous location ---
   at System.Net.Mail.SendMailAsyncResult.End(IAsyncResult result)
   at System.Net.Mail.SmtpClient.SendMailCallback(IAsyncResult result)
--- End of stack trace from previous location ---
   at Find_H_er.Services.EmailSenderService.SendEmailAsync(String email, String subject, String message) in D:\Kurs\Find_H_er\backend\Services\EmailSenderService.cs:line 25
   at Find_H_er.Services.AccountService.RegisterUser(RegisterUserDto dto) in D:\Kurs\Find_H_er\backend\Services\AccountService.cs:line 71
   at Find_H_er.Controllers.AccountController.RegisterUser(RegisterUserDto dto) in D:\Kurs\Find_H_er\backend\Controllers\AccountController.cs:line 21
   at lambda_method45(Closure, Object)
   at Microsoft.AspNetCore.Mvc.Infrastructure.ActionMethodExecutor.TaskOfActionResultExecutor.Execute(ActionContext actionContext, IActionResultTypeMapper mapper, ObjectMethodExecutor executor, Object controller, Object[] arguments)
   at Microsoft.AspNetCore.Mvc.Infrastructure.ControllerActionInvoker.<InvokeActionMethodAsync>g__Logged|12_1(ControllerActionInvoker invoker)
   at Microsoft.AspNetCore.Mvc.Infrastructure.ControllerActionInvoker.<InvokeNextActionFilterAsync>g__Awaited|10_0(ControllerActionInvoker invoker, Task lastTask, State next, Scope scope, Object state, Boolean isCompleted)
   at Microsoft.AspNetCore.Mvc.Infrastructure.ControllerActionInvoker.Rethrow(ActionExecutedContextSealed context)
   at Microsoft.AspNetCore.Mvc.Infrastructure.ControllerActionInvoker.Next(State& next, Scope& scope, Object& state, Boolean& isCompleted)
   at Microsoft.AspNetCore.Mvc.Infrastructure.ControllerActionInvoker.<InvokeInnerFilterAsync>g__Awaited|13_0(ControllerActionInvoker invoker, Task lastTask, State next, Scope scope, Object state, Boolean isCompleted)
   at Microsoft.AspNetCore.Mvc.Infrastructure.ResourceInvoker.<InvokeFilterPipelineAsync>g__Awaited|20_0(ResourceInvoker invoker, Task lastTask, State next, Scope scope, Object state, Boolean isCompleted)
   at Microsoft.AspNetCore.Mvc.Infrastructure.ResourceInvoker.<InvokeAsync>g__Logged|17_1(ResourceInvoker invoker)
   at Microsoft.AspNetCore.Mvc.Infrastructure.ResourceInvoker.<InvokeAsync>g__Logged|17_1(ResourceInvoker invoker)
   at Microsoft.AspNetCore.Routing.EndpointMiddleware.<Invoke>g__AwaitRequestTask|6_0(Endpoint endpoint, Task requestTask, ILogger logger)
   at Microsoft.AspNetCore.Authorization.AuthorizationMiddleware.Invoke(HttpContext context)
   at Microsoft.AspNetCore.Authentication.AuthenticationMiddleware.Invoke(HttpContext context)
   at Find_H_er.Middleware.ErrorHandlingMiddleware.InvokeAsync(HttpContext context, RequestDelegate next) in D:\Kurs\Find_H_er\backend\Middleware\ErrorHandlingMiddleware.cs:line 16
2024-04-01 21:41:21.0678|1|DEBUG|Microsoft.AspNetCore.Server.IIS.Core.IISHttpServer|Connection ID "18014398519682531329" disconnecting. 
2024-04-01 21:41:21.0678|10407|DEBUG|Microsoft.EntityFrameworkCore.Infrastructure|'AppDbContext' disposed. 
2024-04-01 21:41:21.0678|20007|DEBUG|Microsoft.EntityFrameworkCore.Database.Connection|Disposing connection to database 'Findher' on server '(localdb)\MSSQLLocalDB'. 
2024-04-01 21:41:21.0678|20008|DEBUG|Microsoft.EntityFrameworkCore.Database.Connection|Disposed connection to database '' on server '' (2ms). 
2024-04-01 21:41:21.0678|2|INFO|Microsoft.AspNetCore.Hosting.Diagnostics|Request finished HTTP/2 POST https://localhost:44360/api/account/register application/json 94 - 500 - - 13704.9707ms 
