2024-01-19 19:51:12.3955|10401|DEBUG|Microsoft.EntityFrameworkCore.Infrastructure|An 'IServiceProvider' was created for internal use by Entity Framework. 
2024-01-19 19:51:13.2159|10607|DEBUG|Microsoft.EntityFrameworkCore.Model|No relationship from 'Message' to 'User' has been configured by convention because there are multiple properties on one entity type - {'Receiver', 'Sender'} that could be matched with the properties on the other entity type - {'Messages'}. This message can be disregarded if explicit configuration has been specified in 'OnModelCreating'. 
2024-01-19 19:51:13.3051|10607|DEBUG|Microsoft.EntityFrameworkCore.Model|No relationship from 'User' to 'Message' has been configured by convention because there are multiple properties on one entity type - {'Messages'} that could be matched with the properties on the other entity type - {'Receiver', 'Sender'}. This message can be disregarded if explicit configuration has been specified in 'OnModelCreating'. 
2024-01-19 19:51:13.3121|10607|DEBUG|Microsoft.EntityFrameworkCore.Model|No relationship from 'User' to 'Message' has been configured by convention because there are multiple properties on one entity type - {'Messages'} that could be matched with the properties on the other entity type - {'Receiver', 'Sender'}. This message can be disregarded if explicit configuration has been specified in 'OnModelCreating'. 
2024-01-19 19:51:13.6642|10601|DEBUG|Microsoft.EntityFrameworkCore.Model|The index {'InterestsInterestId'} was not created on entity type 'InterestUser (Dictionary<string, object>)' as the properties are already covered by the index {'InterestsInterestId', 'UsersUserId'}. 
2024-01-19 19:51:13.6658|10601|DEBUG|Microsoft.EntityFrameworkCore.Model|The index {'MatchFormsMatchFormId'} was not created on entity type 'MatchFormQuestion (Dictionary<string, object>)' as the properties are already covered by the index {'MatchFormsMatchFormId', 'QuestionsQuestionId'}. 
2024-01-19 19:51:13.6658|10601|DEBUG|Microsoft.EntityFrameworkCore.Model|The index {'PinchesPinchId'} was not created on entity type 'PinchUser (Dictionary<string, object>)' as the properties are already covered by the index {'PinchesPinchId', 'UsersUserId'}. 
2024-01-19 19:51:13.6658|10601|DEBUG|Microsoft.EntityFrameworkCore.Model|The index {'PreferencesPreferenceId'} was not created on entity type 'PreferenceUser (Dictionary<string, object>)' as the properties are already covered by the index {'PreferencesPreferenceId', 'UsersUserId'}. 
2024-01-19 19:59:59.6776|10401|DEBUG|Microsoft.EntityFrameworkCore.Infrastructure|An 'IServiceProvider' was created for internal use by Entity Framework. 
2024-01-19 20:00:00.0967|10607|DEBUG|Microsoft.EntityFrameworkCore.Model|No relationship from 'Message' to 'User' has been configured by convention because there are multiple properties on one entity type - {'Receiver', 'Sender'} that could be matched with the properties on the other entity type - {'ReceivedMessages', 'SentMessages'}. This message can be disregarded if explicit configuration has been specified in 'OnModelCreating'. 
2024-01-19 20:00:00.1584|10607|DEBUG|Microsoft.EntityFrameworkCore.Model|No relationship from 'User' to 'Message' has been configured by convention because there are multiple properties on one entity type - {'ReceivedMessages', 'SentMessages'} that could be matched with the properties on the other entity type - {'Receiver', 'Sender'}. This message can be disregarded if explicit configuration has been specified in 'OnModelCreating'. 
2024-01-19 20:00:00.1584|10607|DEBUG|Microsoft.EntityFrameworkCore.Model|No relationship from 'User' to 'Message' has been configured by convention because there are multiple properties on one entity type - {'ReceivedMessages', 'SentMessages'} that could be matched with the properties on the other entity type - {'Receiver', 'Sender'}. This message can be disregarded if explicit configuration has been specified in 'OnModelCreating'. 
2024-01-19 20:00:00.3803|10607|DEBUG|Microsoft.EntityFrameworkCore.Model|No relationship from 'Message' to 'User' has been configured by convention because there are multiple properties on one entity type - {'Receiver', 'Sender'} that could be matched with the properties on the other entity type - {'ReceivedMessages', 'SentMessages'}. This message can be disregarded if explicit configuration has been specified in 'OnModelCreating'. 
2024-01-19 20:00:00.3803|10607|DEBUG|Microsoft.EntityFrameworkCore.Model|No relationship from 'User' to 'Message' has been configured by convention because there are multiple properties on one entity type - {'ReceivedMessages', 'SentMessages'} that could be matched with the properties on the other entity type - {'Receiver', 'Sender'}. This message can be disregarded if explicit configuration has been specified in 'OnModelCreating'. 
2024-01-19 20:00:00.4605|10601|DEBUG|Microsoft.EntityFrameworkCore.Model|The index {'InterestsInterestId'} was not created on entity type 'InterestUser (Dictionary<string, object>)' as the properties are already covered by the index {'InterestsInterestId', 'UsersUserId'}. 
2024-01-19 20:00:00.4605|10601|DEBUG|Microsoft.EntityFrameworkCore.Model|The index {'MatchFormsMatchFormId'} was not created on entity type 'MatchFormQuestion (Dictionary<string, object>)' as the properties are already covered by the index {'MatchFormsMatchFormId', 'QuestionsQuestionId'}. 
2024-01-19 20:00:00.4605|10601|DEBUG|Microsoft.EntityFrameworkCore.Model|The index {'PinchesPinchId'} was not created on entity type 'PinchUser (Dictionary<string, object>)' as the properties are already covered by the index {'PinchesPinchId', 'UsersUserId'}. 
2024-01-19 20:00:00.4605|10601|DEBUG|Microsoft.EntityFrameworkCore.Model|The index {'PreferencesPreferenceId'} was not created on entity type 'PreferenceUser (Dictionary<string, object>)' as the properties are already covered by the index {'PreferencesPreferenceId', 'UsersUserId'}. 
2024-01-19 20:00:00.6384|10600|DEBUG|Microsoft.EntityFrameworkCore.Model.Validation|The property 'InterestUser (Dictionary<string, object>).InterestsInterestId' was created in shadow state because there are no eligible CLR members with a matching name. 
2024-01-19 20:00:00.6384|10600|DEBUG|Microsoft.EntityFrameworkCore.Model.Validation|The property 'InterestUser (Dictionary<string, object>).UsersUserId' was created in shadow state because there are no eligible CLR members with a matching name. 
2024-01-19 20:00:00.6384|10600|DEBUG|Microsoft.EntityFrameworkCore.Model.Validation|The property 'MatchFormQuestion (Dictionary<string, object>).MatchFormsMatchFormId' was created in shadow state because there are no eligible CLR members with a matching name. 
2024-01-19 20:00:00.6384|10600|DEBUG|Microsoft.EntityFrameworkCore.Model.Validation|The property 'MatchFormQuestion (Dictionary<string, object>).QuestionsQuestionId' was created in shadow state because there are no eligible CLR members with a matching name. 
2024-01-19 20:00:00.6384|10600|DEBUG|Microsoft.EntityFrameworkCore.Model.Validation|The property 'PinchUser (Dictionary<string, object>).PinchesPinchId' was created in shadow state because there are no eligible CLR members with a matching name. 
2024-01-19 20:00:00.6384|10600|DEBUG|Microsoft.EntityFrameworkCore.Model.Validation|The property 'PinchUser (Dictionary<string, object>).UsersUserId' was created in shadow state because there are no eligible CLR members with a matching name. 
2024-01-19 20:00:00.6384|10600|DEBUG|Microsoft.EntityFrameworkCore.Model.Validation|The property 'PreferenceUser (Dictionary<string, object>).PreferencesPreferenceId' was created in shadow state because there are no eligible CLR members with a matching name. 
2024-01-19 20:00:00.6384|10600|DEBUG|Microsoft.EntityFrameworkCore.Model.Validation|The property 'PreferenceUser (Dictionary<string, object>).UsersUserId' was created in shadow state because there are no eligible CLR members with a matching name. 
2024-01-19 20:00:00.9122|10403|DEBUG|Microsoft.EntityFrameworkCore.Infrastructure|Entity Framework Core 7.0.13 initialized 'AppDbContext' using provider 'Microsoft.EntityFrameworkCore.SqlServer:7.0.13' with options: None 
2024-01-19 20:00:00.9402|10607|DEBUG|Microsoft.EntityFrameworkCore.Model|No relationship from 'Message' to 'User' has been configured by convention because there are multiple properties on one entity type - {'Receiver', 'Sender'} that could be matched with the properties on the other entity type - {'ReceivedMessages', 'SentMessages'}. This message can be disregarded if explicit configuration has been specified in 'OnModelCreating'. 
2024-01-19 20:00:00.9402|10607|DEBUG|Microsoft.EntityFrameworkCore.Model|No relationship from 'User' to 'Message' has been configured by convention because there are multiple properties on one entity type - {'ReceivedMessages', 'SentMessages'} that could be matched with the properties on the other entity type - {'Receiver', 'Sender'}. This message can be disregarded if explicit configuration has been specified in 'OnModelCreating'. 
2024-01-19 20:00:00.9402|10607|DEBUG|Microsoft.EntityFrameworkCore.Model|No relationship from 'User' to 'Message' has been configured by convention because there are multiple properties on one entity type - {'ReceivedMessages', 'SentMessages'} that could be matched with the properties on the other entity type - {'Receiver', 'Sender'}. This message can be disregarded if explicit configuration has been specified in 'OnModelCreating'. 
2024-01-19 20:00:00.9653|10607|DEBUG|Microsoft.EntityFrameworkCore.Model|No relationship from 'Message' to 'User' has been configured by convention because there are multiple properties on one entity type - {'Receiver', 'Sender'} that could be matched with the properties on the other entity type - {'ReceivedMessages', 'SentMessages'}. This message can be disregarded if explicit configuration has been specified in 'OnModelCreating'. 
2024-01-19 20:00:00.9653|10607|DEBUG|Microsoft.EntityFrameworkCore.Model|No relationship from 'User' to 'Message' has been configured by convention because there are multiple properties on one entity type - {'ReceivedMessages', 'SentMessages'} that could be matched with the properties on the other entity type - {'Receiver', 'Sender'}. This message can be disregarded if explicit configuration has been specified in 'OnModelCreating'. 
2024-01-19 20:00:00.9653|10601|DEBUG|Microsoft.EntityFrameworkCore.Model|The index {'InterestsInterestId'} was not created on entity type 'InterestUser (Dictionary<string, object>)' as the properties are already covered by the index {'InterestsInterestId', 'UsersUserId'}. 
2024-01-19 20:00:00.9653|10601|DEBUG|Microsoft.EntityFrameworkCore.Model|The index {'MatchFormsMatchFormId'} was not created on entity type 'MatchFormQuestion (Dictionary<string, object>)' as the properties are already covered by the index {'MatchFormsMatchFormId', 'QuestionsQuestionId'}. 
2024-01-19 20:00:00.9653|10601|DEBUG|Microsoft.EntityFrameworkCore.Model|The index {'PinchesPinchId'} was not created on entity type 'PinchUser (Dictionary<string, object>)' as the properties are already covered by the index {'PinchesPinchId', 'UsersUserId'}. 
2024-01-19 20:00:00.9653|10601|DEBUG|Microsoft.EntityFrameworkCore.Model|The index {'PreferencesPreferenceId'} was not created on entity type 'PreferenceUser (Dictionary<string, object>)' as the properties are already covered by the index {'PreferencesPreferenceId', 'UsersUserId'}. 
2024-01-19 20:00:00.9828|10600|DEBUG|Microsoft.EntityFrameworkCore.Model.Validation|The property 'InterestUser (Dictionary<string, object>).InterestsInterestId' was created in shadow state because there are no eligible CLR members with a matching name. 
2024-01-19 20:00:00.9828|10600|DEBUG|Microsoft.EntityFrameworkCore.Model.Validation|The property 'InterestUser (Dictionary<string, object>).UsersUserId' was created in shadow state because there are no eligible CLR members with a matching name. 
2024-01-19 20:00:00.9828|10600|DEBUG|Microsoft.EntityFrameworkCore.Model.Validation|The property 'MatchFormQuestion (Dictionary<string, object>).MatchFormsMatchFormId' was created in shadow state because there are no eligible CLR members with a matching name. 
2024-01-19 20:00:00.9828|10600|DEBUG|Microsoft.EntityFrameworkCore.Model.Validation|The property 'MatchFormQuestion (Dictionary<string, object>).QuestionsQuestionId' was created in shadow state because there are no eligible CLR members with a matching name. 
2024-01-19 20:00:00.9828|10600|DEBUG|Microsoft.EntityFrameworkCore.Model.Validation|The property 'PinchUser (Dictionary<string, object>).PinchesPinchId' was created in shadow state because there are no eligible CLR members with a matching name. 
2024-01-19 20:00:00.9828|10600|DEBUG|Microsoft.EntityFrameworkCore.Model.Validation|The property 'PinchUser (Dictionary<string, object>).UsersUserId' was created in shadow state because there are no eligible CLR members with a matching name. 
2024-01-19 20:00:00.9828|10600|DEBUG|Microsoft.EntityFrameworkCore.Model.Validation|The property 'PreferenceUser (Dictionary<string, object>).PreferencesPreferenceId' was created in shadow state because there are no eligible CLR members with a matching name. 
2024-01-19 20:00:00.9828|10600|DEBUG|Microsoft.EntityFrameworkCore.Model.Validation|The property 'PreferenceUser (Dictionary<string, object>).UsersUserId' was created in shadow state because there are no eligible CLR members with a matching name. 
2024-01-19 20:00:01.2930|10407|DEBUG|Microsoft.EntityFrameworkCore.Infrastructure|'AppDbContext' disposed. 
2024-01-19 20:00:16.1183|10401|DEBUG|Microsoft.EntityFrameworkCore.Infrastructure|An 'IServiceProvider' was created for internal use by Entity Framework. 
2024-01-19 20:00:16.5761|10607|DEBUG|Microsoft.EntityFrameworkCore.Model|No relationship from 'Message' to 'User' has been configured by convention because there are multiple properties on one entity type - {'Receiver', 'Sender'} that could be matched with the properties on the other entity type - {'ReceivedMessages', 'SentMessages'}. This message can be disregarded if explicit configuration has been specified in 'OnModelCreating'. 
2024-01-19 20:00:16.6246|10607|DEBUG|Microsoft.EntityFrameworkCore.Model|No relationship from 'User' to 'Message' has been configured by convention because there are multiple properties on one entity type - {'ReceivedMessages', 'SentMessages'} that could be matched with the properties on the other entity type - {'Receiver', 'Sender'}. This message can be disregarded if explicit configuration has been specified in 'OnModelCreating'. 
2024-01-19 20:00:16.6246|10607|DEBUG|Microsoft.EntityFrameworkCore.Model|No relationship from 'User' to 'Message' has been configured by convention because there are multiple properties on one entity type - {'ReceivedMessages', 'SentMessages'} that could be matched with the properties on the other entity type - {'Receiver', 'Sender'}. This message can be disregarded if explicit configuration has been specified in 'OnModelCreating'. 
2024-01-19 20:00:16.9973|10607|DEBUG|Microsoft.EntityFrameworkCore.Model|No relationship from 'Message' to 'User' has been configured by convention because there are multiple properties on one entity type - {'Receiver', 'Sender'} that could be matched with the properties on the other entity type - {'ReceivedMessages', 'SentMessages'}. This message can be disregarded if explicit configuration has been specified in 'OnModelCreating'. 
2024-01-19 20:00:16.9973|10607|DEBUG|Microsoft.EntityFrameworkCore.Model|No relationship from 'User' to 'Message' has been configured by convention because there are multiple properties on one entity type - {'ReceivedMessages', 'SentMessages'} that could be matched with the properties on the other entity type - {'Receiver', 'Sender'}. This message can be disregarded if explicit configuration has been specified in 'OnModelCreating'. 
2024-01-19 20:00:17.1784|10601|DEBUG|Microsoft.EntityFrameworkCore.Model|The index {'InterestsInterestId'} was not created on entity type 'InterestUser (Dictionary<string, object>)' as the properties are already covered by the index {'InterestsInterestId', 'UsersUserId'}. 
2024-01-19 20:00:17.1784|10601|DEBUG|Microsoft.EntityFrameworkCore.Model|The index {'MatchFormsMatchFormId'} was not created on entity type 'MatchFormQuestion (Dictionary<string, object>)' as the properties are already covered by the index {'MatchFormsMatchFormId', 'QuestionsQuestionId'}. 
2024-01-19 20:00:17.1784|10601|DEBUG|Microsoft.EntityFrameworkCore.Model|The index {'PinchesPinchId'} was not created on entity type 'PinchUser (Dictionary<string, object>)' as the properties are already covered by the index {'PinchesPinchId', 'UsersUserId'}. 
2024-01-19 20:00:17.1784|10601|DEBUG|Microsoft.EntityFrameworkCore.Model|The index {'PreferencesPreferenceId'} was not created on entity type 'PreferenceUser (Dictionary<string, object>)' as the properties are already covered by the index {'PreferencesPreferenceId', 'UsersUserId'}. 
2024-01-19 20:00:17.4262|10600|DEBUG|Microsoft.EntityFrameworkCore.Model.Validation|The property 'InterestUser (Dictionary<string, object>).InterestsInterestId' was created in shadow state because there are no eligible CLR members with a matching name. 
2024-01-19 20:00:17.4262|10600|DEBUG|Microsoft.EntityFrameworkCore.Model.Validation|The property 'InterestUser (Dictionary<string, object>).UsersUserId' was created in shadow state because there are no eligible CLR members with a matching name. 
2024-01-19 20:00:17.4262|10600|DEBUG|Microsoft.EntityFrameworkCore.Model.Validation|The property 'MatchFormQuestion (Dictionary<string, object>).MatchFormsMatchFormId' was created in shadow state because there are no eligible CLR members with a matching name. 
2024-01-19 20:00:17.4262|10600|DEBUG|Microsoft.EntityFrameworkCore.Model.Validation|The property 'MatchFormQuestion (Dictionary<string, object>).QuestionsQuestionId' was created in shadow state because there are no eligible CLR members with a matching name. 
2024-01-19 20:00:17.4262|10600|DEBUG|Microsoft.EntityFrameworkCore.Model.Validation|The property 'PinchUser (Dictionary<string, object>).PinchesPinchId' was created in shadow state because there are no eligible CLR members with a matching name. 
2024-01-19 20:00:17.4262|10600|DEBUG|Microsoft.EntityFrameworkCore.Model.Validation|The property 'PinchUser (Dictionary<string, object>).UsersUserId' was created in shadow state because there are no eligible CLR members with a matching name. 
2024-01-19 20:00:17.4262|10600|DEBUG|Microsoft.EntityFrameworkCore.Model.Validation|The property 'PreferenceUser (Dictionary<string, object>).PreferencesPreferenceId' was created in shadow state because there are no eligible CLR members with a matching name. 
2024-01-19 20:00:17.4262|10600|DEBUG|Microsoft.EntityFrameworkCore.Model.Validation|The property 'PreferenceUser (Dictionary<string, object>).UsersUserId' was created in shadow state because there are no eligible CLR members with a matching name. 
2024-01-19 20:00:17.8400|10403|DEBUG|Microsoft.EntityFrameworkCore.Infrastructure|Entity Framework Core 7.0.13 initialized 'AppDbContext' using provider 'Microsoft.EntityFrameworkCore.SqlServer:7.0.13' with options: None 
2024-01-19 20:00:18.0475|20005|DEBUG|Microsoft.EntityFrameworkCore.Database.Connection|Creating DbConnection. 
2024-01-19 20:00:18.5729|20006|DEBUG|Microsoft.EntityFrameworkCore.Database.Connection|Created DbConnection. (517ms). 
2024-01-19 20:00:18.5729|20400|DEBUG|Microsoft.EntityFrameworkCore.Migrations|Migrating using database 'Findher' on server '(localdb)\MSSQLLocalDB'. 
2024-01-19 20:00:18.6244|20000|DEBUG|Microsoft.EntityFrameworkCore.Database.Connection|Opening connection to database 'Findher' on server '(localdb)\MSSQLLocalDB'. 
2024-01-19 20:00:28.3894|20004|DEBUG|Microsoft.EntityFrameworkCore.Database.Connection|An error occurred using the connection to database 'Findher' on server '(localdb)\MSSQLLocalDB'. 
2024-01-19 20:00:28.3894|20000|DEBUG|Microsoft.EntityFrameworkCore.Database.Connection|Opening connection to database 'Findher' on server '(localdb)\MSSQLLocalDB'. 
2024-01-19 20:00:28.3894|20004|DEBUG|Microsoft.EntityFrameworkCore.Database.Connection|An error occurred using the connection to database 'Findher' on server '(localdb)\MSSQLLocalDB'. 
2024-01-19 20:00:28.5151|10607|DEBUG|Microsoft.EntityFrameworkCore.Model|No relationship from 'Message' to 'User' has been configured by convention because there are multiple properties on one entity type - {'Receiver', 'Sender'} that could be matched with the properties on the other entity type - {'ReceivedMessages', 'SentMessages'}. This message can be disregarded if explicit configuration has been specified in 'OnModelCreating'. 
2024-01-19 20:00:28.5151|10607|DEBUG|Microsoft.EntityFrameworkCore.Model|No relationship from 'User' to 'Message' has been configured by convention because there are multiple properties on one entity type - {'ReceivedMessages', 'SentMessages'} that could be matched with the properties on the other entity type - {'Receiver', 'Sender'}. This message can be disregarded if explicit configuration has been specified in 'OnModelCreating'. 
2024-01-19 20:00:28.5342|10607|DEBUG|Microsoft.EntityFrameworkCore.Model|No relationship from 'User' to 'Message' has been configured by convention because there are multiple properties on one entity type - {'ReceivedMessages', 'SentMessages'} that could be matched with the properties on the other entity type - {'Receiver', 'Sender'}. This message can be disregarded if explicit configuration has been specified in 'OnModelCreating'. 
2024-01-19 20:00:28.6181|10607|DEBUG|Microsoft.EntityFrameworkCore.Model|No relationship from 'Message' to 'User' has been configured by convention because there are multiple properties on one entity type - {'Receiver', 'Sender'} that could be matched with the properties on the other entity type - {'ReceivedMessages', 'SentMessages'}. This message can be disregarded if explicit configuration has been specified in 'OnModelCreating'. 
2024-01-19 20:00:28.6194|10607|DEBUG|Microsoft.EntityFrameworkCore.Model|No relationship from 'User' to 'Message' has been configured by convention because there are multiple properties on one entity type - {'ReceivedMessages', 'SentMessages'} that could be matched with the properties on the other entity type - {'Receiver', 'Sender'}. This message can be disregarded if explicit configuration has been specified in 'OnModelCreating'. 
2024-01-19 20:00:28.6382|10601|DEBUG|Microsoft.EntityFrameworkCore.Model|The index {'InterestsInterestId'} was not created on entity type 'InterestUser (Dictionary<string, object>)' as the properties are already covered by the index {'InterestsInterestId', 'UsersUserId'}. 
2024-01-19 20:00:28.6382|10601|DEBUG|Microsoft.EntityFrameworkCore.Model|The index {'MatchFormsMatchFormId'} was not created on entity type 'MatchFormQuestion (Dictionary<string, object>)' as the properties are already covered by the index {'MatchFormsMatchFormId', 'QuestionsQuestionId'}. 
2024-01-19 20:00:28.6382|10601|DEBUG|Microsoft.EntityFrameworkCore.Model|The index {'PinchesPinchId'} was not created on entity type 'PinchUser (Dictionary<string, object>)' as the properties are already covered by the index {'PinchesPinchId', 'UsersUserId'}. 
2024-01-19 20:00:28.6382|10601|DEBUG|Microsoft.EntityFrameworkCore.Model|The index {'PreferencesPreferenceId'} was not created on entity type 'PreferenceUser (Dictionary<string, object>)' as the properties are already covered by the index {'PreferencesPreferenceId', 'UsersUserId'}. 
2024-01-19 20:00:28.6718|10600|DEBUG|Microsoft.EntityFrameworkCore.Model.Validation|The property 'InterestUser (Dictionary<string, object>).InterestsInterestId' was created in shadow state because there are no eligible CLR members with a matching name. 
2024-01-19 20:00:28.6718|10600|DEBUG|Microsoft.EntityFrameworkCore.Model.Validation|The property 'InterestUser (Dictionary<string, object>).UsersUserId' was created in shadow state because there are no eligible CLR members with a matching name. 
2024-01-19 20:00:28.6718|10600|DEBUG|Microsoft.EntityFrameworkCore.Model.Validation|The property 'MatchFormQuestion (Dictionary<string, object>).MatchFormsMatchFormId' was created in shadow state because there are no eligible CLR members with a matching name. 
2024-01-19 20:00:28.6718|10600|DEBUG|Microsoft.EntityFrameworkCore.Model.Validation|The property 'MatchFormQuestion (Dictionary<string, object>).QuestionsQuestionId' was created in shadow state because there are no eligible CLR members with a matching name. 
2024-01-19 20:00:28.6718|10600|DEBUG|Microsoft.EntityFrameworkCore.Model.Validation|The property 'PinchUser (Dictionary<string, object>).PinchesPinchId' was created in shadow state because there are no eligible CLR members with a matching name. 
2024-01-19 20:00:28.6718|10600|DEBUG|Microsoft.EntityFrameworkCore.Model.Validation|The property 'PinchUser (Dictionary<string, object>).UsersUserId' was created in shadow state because there are no eligible CLR members with a matching name. 
2024-01-19 20:00:28.6718|10600|DEBUG|Microsoft.EntityFrameworkCore.Model.Validation|The property 'PreferenceUser (Dictionary<string, object>).PreferencesPreferenceId' was created in shadow state because there are no eligible CLR members with a matching name. 
2024-01-19 20:00:28.6718|10600|DEBUG|Microsoft.EntityFrameworkCore.Model.Validation|The property 'PreferenceUser (Dictionary<string, object>).UsersUserId' was created in shadow state because there are no eligible CLR members with a matching name. 
2024-01-19 20:00:28.7667|20005|DEBUG|Microsoft.EntityFrameworkCore.Database.Connection|Creating DbConnection. 
2024-01-19 20:00:28.7667|20006|DEBUG|Microsoft.EntityFrameworkCore.Database.Connection|Created DbConnection. (0ms). 
2024-01-19 20:00:28.7667|20000|DEBUG|Microsoft.EntityFrameworkCore.Database.Connection|Opening connection to database 'master' on server '(localdb)\MSSQLLocalDB'. 
2024-01-19 20:00:28.8053|20001|DEBUG|Microsoft.EntityFrameworkCore.Database.Connection|Opened connection to database 'master' on server '(localdb)\MSSQLLocalDB'. 
2024-01-19 20:00:28.8188|20103|DEBUG|Microsoft.EntityFrameworkCore.Database.Command|Creating DbCommand for 'ExecuteNonQuery'. 
2024-01-19 20:00:28.8340|20104|DEBUG|Microsoft.EntityFrameworkCore.Database.Command|Created DbCommand for 'ExecuteNonQuery' (14ms). 
2024-01-19 20:00:28.8406|20106|DEBUG|Microsoft.EntityFrameworkCore.Database.Command|Initialized DbCommand for 'ExecuteNonQuery' (28ms). 
2024-01-19 20:00:28.8578|20100|DEBUG|Microsoft.EntityFrameworkCore.Database.Command|Executing DbCommand [Parameters=[], CommandType='Text', CommandTimeout='60']
CREATE DATABASE [Findher]; 
2024-01-19 20:00:36.8697|20101|INFO|Microsoft.EntityFrameworkCore.Database.Command|Executed DbCommand (8,011ms) [Parameters=[], CommandType='Text', CommandTimeout='60']
CREATE DATABASE [Findher]; 
2024-01-19 20:00:36.8697|20103|DEBUG|Microsoft.EntityFrameworkCore.Database.Command|Creating DbCommand for 'ExecuteNonQuery'. 
2024-01-19 20:00:36.8697|20104|DEBUG|Microsoft.EntityFrameworkCore.Database.Command|Created DbCommand for 'ExecuteNonQuery' (0ms). 
2024-01-19 20:00:36.8697|20106|DEBUG|Microsoft.EntityFrameworkCore.Database.Command|Initialized DbCommand for 'ExecuteNonQuery' (0ms). 
2024-01-19 20:00:36.8697|20100|DEBUG|Microsoft.EntityFrameworkCore.Database.Command|Executing DbCommand [Parameters=[], CommandType='Text', CommandTimeout='60']
IF SERVERPROPERTY('EngineEdition') <> 5
BEGIN
    ALTER DATABASE [Findher] SET READ_COMMITTED_SNAPSHOT ON;
END; 
2024-01-19 20:00:37.2891|20101|INFO|Microsoft.EntityFrameworkCore.Database.Command|Executed DbCommand (411ms) [Parameters=[], CommandType='Text', CommandTimeout='60']
IF SERVERPROPERTY('EngineEdition') <> 5
BEGIN
    ALTER DATABASE [Findher] SET READ_COMMITTED_SNAPSHOT ON;
END; 
2024-01-19 20:00:37.2915|20002|DEBUG|Microsoft.EntityFrameworkCore.Database.Connection|Closing connection to database 'master' on server '(localdb)\MSSQLLocalDB'. 
2024-01-19 20:00:37.3153|20003|DEBUG|Microsoft.EntityFrameworkCore.Database.Connection|Closed connection to database 'master' on server '(localdb)\MSSQLLocalDB' (14ms). 
2024-01-19 20:00:37.3247|20007|DEBUG|Microsoft.EntityFrameworkCore.Database.Connection|Disposing connection to database 'master' on server '(localdb)\MSSQLLocalDB'. 
2024-01-19 20:00:37.3247|20008|DEBUG|Microsoft.EntityFrameworkCore.Database.Connection|Disposed connection to database '' on server '' (2ms). 
2024-01-19 20:00:37.3247|20000|DEBUG|Microsoft.EntityFrameworkCore.Database.Connection|Opening connection to database 'Findher' on server '(localdb)\MSSQLLocalDB'. 
2024-01-19 20:00:37.3405|20001|DEBUG|Microsoft.EntityFrameworkCore.Database.Connection|Opened connection to database 'Findher' on server '(localdb)\MSSQLLocalDB'. 
2024-01-19 20:00:37.3405|20103|DEBUG|Microsoft.EntityFrameworkCore.Database.Command|Creating DbCommand for 'ExecuteNonQuery'. 
2024-01-19 20:00:37.3405|20104|DEBUG|Microsoft.EntityFrameworkCore.Database.Command|Created DbCommand for 'ExecuteNonQuery' (0ms). 
2024-01-19 20:00:37.3405|20106|DEBUG|Microsoft.EntityFrameworkCore.Database.Command|Initialized DbCommand for 'ExecuteNonQuery' (0ms). 
2024-01-19 20:00:37.3405|20100|DEBUG|Microsoft.EntityFrameworkCore.Database.Command|Executing DbCommand [Parameters=[], CommandType='Text', CommandTimeout='30']
SELECT 1 
2024-01-19 20:00:37.3969|20101|INFO|Microsoft.EntityFrameworkCore.Database.Command|Executed DbCommand (55ms) [Parameters=[], CommandType='Text', CommandTimeout='30']
SELECT 1 
2024-01-19 20:00:37.3969|20002|DEBUG|Microsoft.EntityFrameworkCore.Database.Connection|Closing connection to database 'Findher' on server '(localdb)\MSSQLLocalDB'. 
2024-01-19 20:00:37.3969|20003|DEBUG|Microsoft.EntityFrameworkCore.Database.Connection|Closed connection to database 'Findher' on server '(localdb)\MSSQLLocalDB' (0ms). 
2024-01-19 20:00:37.6721|20103|DEBUG|Microsoft.EntityFrameworkCore.Database.Command|Creating DbCommand for 'ExecuteNonQuery'. 
2024-01-19 20:00:37.6721|20104|DEBUG|Microsoft.EntityFrameworkCore.Database.Command|Created DbCommand for 'ExecuteNonQuery' (0ms). 
2024-01-19 20:00:37.6721|20106|DEBUG|Microsoft.EntityFrameworkCore.Database.Command|Initialized DbCommand for 'ExecuteNonQuery' (0ms). 
2024-01-19 20:00:37.6721|20000|DEBUG|Microsoft.EntityFrameworkCore.Database.Connection|Opening connection to database 'Findher' on server '(localdb)\MSSQLLocalDB'. 
2024-01-19 20:00:37.6721|20001|DEBUG|Microsoft.EntityFrameworkCore.Database.Connection|Opened connection to database 'Findher' on server '(localdb)\MSSQLLocalDB'. 
2024-01-19 20:00:37.6721|20100|DEBUG|Microsoft.EntityFrameworkCore.Database.Command|Executing DbCommand [Parameters=[], CommandType='Text', CommandTimeout='30']
CREATE TABLE [__EFMigrationsHistory] (
    [MigrationId] nvarchar(150) NOT NULL,
    [ProductVersion] nvarchar(32) NOT NULL,
    CONSTRAINT [PK___EFMigrationsHistory] PRIMARY KEY ([MigrationId])
); 
2024-01-19 20:00:37.6966|20101|INFO|Microsoft.EntityFrameworkCore.Database.Command|Executed DbCommand (23ms) [Parameters=[], CommandType='Text', CommandTimeout='30']
CREATE TABLE [__EFMigrationsHistory] (
    [MigrationId] nvarchar(150) NOT NULL,
    [ProductVersion] nvarchar(32) NOT NULL,
    CONSTRAINT [PK___EFMigrationsHistory] PRIMARY KEY ([MigrationId])
); 
2024-01-19 20:00:37.6966|20002|DEBUG|Microsoft.EntityFrameworkCore.Database.Connection|Closing connection to database 'Findher' on server '(localdb)\MSSQLLocalDB'. 
2024-01-19 20:00:37.6966|20003|DEBUG|Microsoft.EntityFrameworkCore.Database.Connection|Closed connection to database 'Findher' on server '(localdb)\MSSQLLocalDB' (0ms). 
2024-01-19 20:00:37.6966|20000|DEBUG|Microsoft.EntityFrameworkCore.Database.Connection|Opening connection to database 'Findher' on server '(localdb)\MSSQLLocalDB'. 
2024-01-19 20:00:37.6966|20001|DEBUG|Microsoft.EntityFrameworkCore.Database.Connection|Opened connection to database 'Findher' on server '(localdb)\MSSQLLocalDB'. 
2024-01-19 20:00:37.6966|20103|DEBUG|Microsoft.EntityFrameworkCore.Database.Command|Creating DbCommand for 'ExecuteNonQuery'. 
2024-01-19 20:00:37.6966|20104|DEBUG|Microsoft.EntityFrameworkCore.Database.Command|Created DbCommand for 'ExecuteNonQuery' (0ms). 
2024-01-19 20:00:37.6966|20106|DEBUG|Microsoft.EntityFrameworkCore.Database.Command|Initialized DbCommand for 'ExecuteNonQuery' (0ms). 
2024-01-19 20:00:37.6966|20100|DEBUG|Microsoft.EntityFrameworkCore.Database.Command|Executing DbCommand [Parameters=[], CommandType='Text', CommandTimeout='30']
SELECT 1 
2024-01-19 20:00:37.6966|20101|INFO|Microsoft.EntityFrameworkCore.Database.Command|Executed DbCommand (1ms) [Parameters=[], CommandType='Text', CommandTimeout='30']
SELECT 1 
2024-01-19 20:00:37.6966|20002|DEBUG|Microsoft.EntityFrameworkCore.Database.Connection|Closing connection to database 'Findher' on server '(localdb)\MSSQLLocalDB'. 
2024-01-19 20:00:37.6966|20003|DEBUG|Microsoft.EntityFrameworkCore.Database.Connection|Closed connection to database 'Findher' on server '(localdb)\MSSQLLocalDB' (0ms). 
2024-01-19 20:00:37.6966|20103|DEBUG|Microsoft.EntityFrameworkCore.Database.Command|Creating DbCommand for 'ExecuteScalar'. 
2024-01-19 20:00:37.6966|20104|DEBUG|Microsoft.EntityFrameworkCore.Database.Command|Created DbCommand for 'ExecuteScalar' (0ms). 
2024-01-19 20:00:37.6966|20106|DEBUG|Microsoft.EntityFrameworkCore.Database.Command|Initialized DbCommand for 'ExecuteScalar' (0ms). 
2024-01-19 20:00:37.6966|20000|DEBUG|Microsoft.EntityFrameworkCore.Database.Connection|Opening connection to database 'Findher' on server '(localdb)\MSSQLLocalDB'. 
2024-01-19 20:00:37.6966|20001|DEBUG|Microsoft.EntityFrameworkCore.Database.Connection|Opened connection to database 'Findher' on server '(localdb)\MSSQLLocalDB'. 
2024-01-19 20:00:37.6966|20100|DEBUG|Microsoft.EntityFrameworkCore.Database.Command|Executing DbCommand [Parameters=[], CommandType='Text', CommandTimeout='30']
SELECT OBJECT_ID(N'[__EFMigrationsHistory]'); 
2024-01-19 20:00:37.7484|20101|INFO|Microsoft.EntityFrameworkCore.Database.Command|Executed DbCommand (38ms) [Parameters=[], CommandType='Text', CommandTimeout='30']
SELECT OBJECT_ID(N'[__EFMigrationsHistory]'); 
2024-01-19 20:00:37.7484|20002|DEBUG|Microsoft.EntityFrameworkCore.Database.Connection|Closing connection to database 'Findher' on server '(localdb)\MSSQLLocalDB'. 
2024-01-19 20:00:37.7484|20003|DEBUG|Microsoft.EntityFrameworkCore.Database.Connection|Closed connection to database 'Findher' on server '(localdb)\MSSQLLocalDB' (1ms). 
2024-01-19 20:00:37.7484|20103|DEBUG|Microsoft.EntityFrameworkCore.Database.Command|Creating DbCommand for 'ExecuteReader'. 
2024-01-19 20:00:37.7484|20104|DEBUG|Microsoft.EntityFrameworkCore.Database.Command|Created DbCommand for 'ExecuteReader' (0ms). 
2024-01-19 20:00:37.7484|20106|DEBUG|Microsoft.EntityFrameworkCore.Database.Command|Initialized DbCommand for 'ExecuteReader' (0ms). 
2024-01-19 20:00:37.7484|20000|DEBUG|Microsoft.EntityFrameworkCore.Database.Connection|Opening connection to database 'Findher' on server '(localdb)\MSSQLLocalDB'. 
2024-01-19 20:00:37.7484|20001|DEBUG|Microsoft.EntityFrameworkCore.Database.Connection|Opened connection to database 'Findher' on server '(localdb)\MSSQLLocalDB'. 
2024-01-19 20:00:37.7484|20100|DEBUG|Microsoft.EntityFrameworkCore.Database.Command|Executing DbCommand [Parameters=[], CommandType='Text', CommandTimeout='30']
SELECT [MigrationId], [ProductVersion]
FROM [__EFMigrationsHistory]
ORDER BY [MigrationId]; 
2024-01-19 20:00:37.7665|20101|INFO|Microsoft.EntityFrameworkCore.Database.Command|Executed DbCommand (7ms) [Parameters=[], CommandType='Text', CommandTimeout='30']
SELECT [MigrationId], [ProductVersion]
FROM [__EFMigrationsHistory]
ORDER BY [MigrationId]; 
2024-01-19 20:00:37.7665|20301|DEBUG|Microsoft.EntityFrameworkCore.Database.Command|Closing data reader to 'Findher' on server '(localdb)\MSSQLLocalDB'. 
2024-01-19 20:00:37.7751|20300|DEBUG|Microsoft.EntityFrameworkCore.Database.Command|A data reader for 'Findher' on server '(localdb)\MSSQLLocalDB' is being disposed after spending 5ms reading results. 
2024-01-19 20:00:37.7751|20002|DEBUG|Microsoft.EntityFrameworkCore.Database.Connection|Closing connection to database 'Findher' on server '(localdb)\MSSQLLocalDB'. 
2024-01-19 20:00:37.7751|20003|DEBUG|Microsoft.EntityFrameworkCore.Database.Connection|Closed connection to database 'Findher' on server '(localdb)\MSSQLLocalDB' (0ms). 
2024-01-19 20:00:37.8047|20402|INFO|Microsoft.EntityFrameworkCore.Migrations|Applying migration '20240119190001_init'. 
2024-01-19 20:00:37.9592|20000|DEBUG|Microsoft.EntityFrameworkCore.Database.Connection|Opening connection to database 'Findher' on server '(localdb)\MSSQLLocalDB'. 
2024-01-19 20:00:37.9592|20001|DEBUG|Microsoft.EntityFrameworkCore.Database.Connection|Opened connection to database 'Findher' on server '(localdb)\MSSQLLocalDB'. 
2024-01-19 20:00:37.9642|20209|DEBUG|Microsoft.EntityFrameworkCore.Database.Transaction|Beginning transaction with isolation level 'Unspecified'. 
2024-01-19 20:00:37.9642|20200|DEBUG|Microsoft.EntityFrameworkCore.Database.Transaction|Began transaction with isolation level 'ReadCommitted'. 
2024-01-19 20:00:37.9642|20103|DEBUG|Microsoft.EntityFrameworkCore.Database.Command|Creating DbCommand for 'ExecuteNonQuery'. 
2024-01-19 20:00:37.9642|20104|DEBUG|Microsoft.EntityFrameworkCore.Database.Command|Created DbCommand for 'ExecuteNonQuery' (0ms). 
2024-01-19 20:00:37.9788|20106|DEBUG|Microsoft.EntityFrameworkCore.Database.Command|Initialized DbCommand for 'ExecuteNonQuery' (2ms). 
2024-01-19 20:00:37.9788|20100|DEBUG|Microsoft.EntityFrameworkCore.Database.Command|Executing DbCommand [Parameters=[], CommandType='Text', CommandTimeout='30']
CREATE TABLE [ForYous] (
    [ForYouId] int NOT NULL IDENTITY,
    [Distance] int NOT NULL,
    CONSTRAINT [PK_ForYous] PRIMARY KEY ([ForYouId])
); 
2024-01-19 20:00:38.0001|20101|INFO|Microsoft.EntityFrameworkCore.Database.Command|Executed DbCommand (20ms) [Parameters=[], CommandType='Text', CommandTimeout='30']
CREATE TABLE [ForYous] (
    [ForYouId] int NOT NULL IDENTITY,
    [Distance] int NOT NULL,
    CONSTRAINT [PK_ForYous] PRIMARY KEY ([ForYouId])
); 
2024-01-19 20:00:38.0001|20103|DEBUG|Microsoft.EntityFrameworkCore.Database.Command|Creating DbCommand for 'ExecuteNonQuery'. 
2024-01-19 20:00:38.0001|20104|DEBUG|Microsoft.EntityFrameworkCore.Database.Command|Created DbCommand for 'ExecuteNonQuery' (0ms). 
2024-01-19 20:00:38.0001|20106|DEBUG|Microsoft.EntityFrameworkCore.Database.Command|Initialized DbCommand for 'ExecuteNonQuery' (1ms). 
2024-01-19 20:00:38.0001|20100|DEBUG|Microsoft.EntityFrameworkCore.Database.Command|Executing DbCommand [Parameters=[], CommandType='Text', CommandTimeout='30']
CREATE TABLE [Interests] (
    [InterestId] int NOT NULL IDENTITY,
    [Name] nvarchar(max) NOT NULL,
    [Type] nvarchar(max) NOT NULL,
    CONSTRAINT [PK_Interests] PRIMARY KEY ([InterestId])
); 
2024-01-19 20:00:38.0121|20101|INFO|Microsoft.EntityFrameworkCore.Database.Command|Executed DbCommand (8ms) [Parameters=[], CommandType='Text', CommandTimeout='30']
CREATE TABLE [Interests] (
    [InterestId] int NOT NULL IDENTITY,
    [Name] nvarchar(max) NOT NULL,
    [Type] nvarchar(max) NOT NULL,
    CONSTRAINT [PK_Interests] PRIMARY KEY ([InterestId])
); 
2024-01-19 20:00:38.0121|20103|DEBUG|Microsoft.EntityFrameworkCore.Database.Command|Creating DbCommand for 'ExecuteNonQuery'. 
2024-01-19 20:00:38.0121|20104|DEBUG|Microsoft.EntityFrameworkCore.Database.Command|Created DbCommand for 'ExecuteNonQuery' (0ms). 
2024-01-19 20:00:38.0121|20106|DEBUG|Microsoft.EntityFrameworkCore.Database.Command|Initialized DbCommand for 'ExecuteNonQuery' (0ms). 
2024-01-19 20:00:38.0121|20100|DEBUG|Microsoft.EntityFrameworkCore.Database.Command|Executing DbCommand [Parameters=[], CommandType='Text', CommandTimeout='30']
CREATE TABLE [MatchForms] (
    [MatchFormId] int NOT NULL IDENTITY,
    CONSTRAINT [PK_MatchForms] PRIMARY KEY ([MatchFormId])
); 
2024-01-19 20:00:38.0268|20101|INFO|Microsoft.EntityFrameworkCore.Database.Command|Executed DbCommand (14ms) [Parameters=[], CommandType='Text', CommandTimeout='30']
CREATE TABLE [MatchForms] (
    [MatchFormId] int NOT NULL IDENTITY,
    CONSTRAINT [PK_MatchForms] PRIMARY KEY ([MatchFormId])
); 
2024-01-19 20:00:38.0268|20103|DEBUG|Microsoft.EntityFrameworkCore.Database.Command|Creating DbCommand for 'ExecuteNonQuery'. 
2024-01-19 20:00:38.0268|20104|DEBUG|Microsoft.EntityFrameworkCore.Database.Command|Created DbCommand for 'ExecuteNonQuery' (0ms). 
2024-01-19 20:00:38.0268|20106|DEBUG|Microsoft.EntityFrameworkCore.Database.Command|Initialized DbCommand for 'ExecuteNonQuery' (0ms). 
2024-01-19 20:00:38.0268|20100|DEBUG|Microsoft.EntityFrameworkCore.Database.Command|Executing DbCommand [Parameters=[], CommandType='Text', CommandTimeout='30']
CREATE TABLE [Pinches] (
    [PinchId] int NOT NULL IDENTITY,
    [isMatched] bit NOT NULL,
    CONSTRAINT [PK_Pinches] PRIMARY KEY ([PinchId])
); 
2024-01-19 20:00:38.0268|20101|INFO|Microsoft.EntityFrameworkCore.Database.Command|Executed DbCommand (3ms) [Parameters=[], CommandType='Text', CommandTimeout='30']
CREATE TABLE [Pinches] (
    [PinchId] int NOT NULL IDENTITY,
    [isMatched] bit NOT NULL,
    CONSTRAINT [PK_Pinches] PRIMARY KEY ([PinchId])
); 
2024-01-19 20:00:38.0268|20103|DEBUG|Microsoft.EntityFrameworkCore.Database.Command|Creating DbCommand for 'ExecuteNonQuery'. 
2024-01-19 20:00:38.0268|20104|DEBUG|Microsoft.EntityFrameworkCore.Database.Command|Created DbCommand for 'ExecuteNonQuery' (0ms). 
2024-01-19 20:00:38.0268|20106|DEBUG|Microsoft.EntityFrameworkCore.Database.Command|Initialized DbCommand for 'ExecuteNonQuery' (0ms). 
2024-01-19 20:00:38.0268|20100|DEBUG|Microsoft.EntityFrameworkCore.Database.Command|Executing DbCommand [Parameters=[], CommandType='Text', CommandTimeout='30']
CREATE TABLE [Preferences] (
    [PreferenceId] int NOT NULL IDENTITY,
    [Name] nvarchar(max) NOT NULL,
    [Type] nvarchar(max) NOT NULL,
    CONSTRAINT [PK_Preferences] PRIMARY KEY ([PreferenceId])
); 
2024-01-19 20:00:38.0407|20101|INFO|Microsoft.EntityFrameworkCore.Database.Command|Executed DbCommand (9ms) [Parameters=[], CommandType='Text', CommandTimeout='30']
CREATE TABLE [Preferences] (
    [PreferenceId] int NOT NULL IDENTITY,
    [Name] nvarchar(max) NOT NULL,
    [Type] nvarchar(max) NOT NULL,
    CONSTRAINT [PK_Preferences] PRIMARY KEY ([PreferenceId])
); 
2024-01-19 20:00:38.0407|20103|DEBUG|Microsoft.EntityFrameworkCore.Database.Command|Creating DbCommand for 'ExecuteNonQuery'. 
2024-01-19 20:00:38.0407|20104|DEBUG|Microsoft.EntityFrameworkCore.Database.Command|Created DbCommand for 'ExecuteNonQuery' (0ms). 
2024-01-19 20:00:38.0407|20106|DEBUG|Microsoft.EntityFrameworkCore.Database.Command|Initialized DbCommand for 'ExecuteNonQuery' (0ms). 
2024-01-19 20:00:38.0407|20100|DEBUG|Microsoft.EntityFrameworkCore.Database.Command|Executing DbCommand [Parameters=[], CommandType='Text', CommandTimeout='30']
CREATE TABLE [Questions] (
    [QuestionId] int NOT NULL IDENTITY,
    [QuestionContent] nvarchar(max) NOT NULL,
    CONSTRAINT [PK_Questions] PRIMARY KEY ([QuestionId])
); 
2024-01-19 20:00:38.0407|20101|INFO|Microsoft.EntityFrameworkCore.Database.Command|Executed DbCommand (4ms) [Parameters=[], CommandType='Text', CommandTimeout='30']
CREATE TABLE [Questions] (
    [QuestionId] int NOT NULL IDENTITY,
    [QuestionContent] nvarchar(max) NOT NULL,
    CONSTRAINT [PK_Questions] PRIMARY KEY ([QuestionId])
); 
2024-01-19 20:00:38.0407|20103|DEBUG|Microsoft.EntityFrameworkCore.Database.Command|Creating DbCommand for 'ExecuteNonQuery'. 
2024-01-19 20:00:38.0407|20104|DEBUG|Microsoft.EntityFrameworkCore.Database.Command|Created DbCommand for 'ExecuteNonQuery' (0ms). 
2024-01-19 20:00:38.0407|20106|DEBUG|Microsoft.EntityFrameworkCore.Database.Command|Initialized DbCommand for 'ExecuteNonQuery' (0ms). 
2024-01-19 20:00:38.0407|20100|DEBUG|Microsoft.EntityFrameworkCore.Database.Command|Executing DbCommand [Parameters=[], CommandType='Text', CommandTimeout='30']
CREATE TABLE [Roles] (
    [RoleId] int NOT NULL IDENTITY,
    [Name] nvarchar(max) NOT NULL,
    CONSTRAINT [PK_Roles] PRIMARY KEY ([RoleId])
); 
2024-01-19 20:00:38.0566|20101|INFO|Microsoft.EntityFrameworkCore.Database.Command|Executed DbCommand (11ms) [Parameters=[], CommandType='Text', CommandTimeout='30']
CREATE TABLE [Roles] (
    [RoleId] int NOT NULL IDENTITY,
    [Name] nvarchar(max) NOT NULL,
    CONSTRAINT [PK_Roles] PRIMARY KEY ([RoleId])
); 
2024-01-19 20:00:38.0566|20103|DEBUG|Microsoft.EntityFrameworkCore.Database.Command|Creating DbCommand for 'ExecuteNonQuery'. 
2024-01-19 20:00:38.0566|20104|DEBUG|Microsoft.EntityFrameworkCore.Database.Command|Created DbCommand for 'ExecuteNonQuery' (0ms). 
2024-01-19 20:00:38.0566|20106|DEBUG|Microsoft.EntityFrameworkCore.Database.Command|Initialized DbCommand for 'ExecuteNonQuery' (0ms). 
2024-01-19 20:00:38.0566|20100|DEBUG|Microsoft.EntityFrameworkCore.Database.Command|Executing DbCommand [Parameters=[], CommandType='Text', CommandTimeout='30']
CREATE TABLE [UserSettings] (
    [UserId] int NOT NULL IDENTITY,
    [Theme] int NOT NULL,
    [FontSize] int NOT NULL,
    [Language] nvarchar(max) NOT NULL,
    CONSTRAINT [PK_UserSettings] PRIMARY KEY ([UserId])
); 
2024-01-19 20:00:38.0566|20101|INFO|Microsoft.EntityFrameworkCore.Database.Command|Executed DbCommand (4ms) [Parameters=[], CommandType='Text', CommandTimeout='30']
CREATE TABLE [UserSettings] (
    [UserId] int NOT NULL IDENTITY,
    [Theme] int NOT NULL,
    [FontSize] int NOT NULL,
    [Language] nvarchar(max) NOT NULL,
    CONSTRAINT [PK_UserSettings] PRIMARY KEY ([UserId])
); 
2024-01-19 20:00:38.0566|20103|DEBUG|Microsoft.EntityFrameworkCore.Database.Command|Creating DbCommand for 'ExecuteNonQuery'. 
2024-01-19 20:00:38.0566|20104|DEBUG|Microsoft.EntityFrameworkCore.Database.Command|Created DbCommand for 'ExecuteNonQuery' (0ms). 
2024-01-19 20:00:38.0566|20106|DEBUG|Microsoft.EntityFrameworkCore.Database.Command|Initialized DbCommand for 'ExecuteNonQuery' (0ms). 
2024-01-19 20:00:38.0566|20100|DEBUG|Microsoft.EntityFrameworkCore.Database.Command|Executing DbCommand [Parameters=[], CommandType='Text', CommandTimeout='30']
CREATE TABLE [Answers] (
    [AnswerId] int NOT NULL IDENTITY,
    [AnswerLetter] nvarchar(max) NOT NULL,
    [AnswerContent] nvarchar(max) NOT NULL,
    [QuestionId] int NOT NULL,
    CONSTRAINT [PK_Answers] PRIMARY KEY ([AnswerId]),
    CONSTRAINT [FK_Answers_Questions_QuestionId] FOREIGN KEY ([QuestionId]) REFERENCES [Questions] ([QuestionId]) ON DELETE CASCADE
); 
2024-01-19 20:00:38.1465|20101|INFO|Microsoft.EntityFrameworkCore.Database.Command|Executed DbCommand (85ms) [Parameters=[], CommandType='Text', CommandTimeout='30']
CREATE TABLE [Answers] (
    [AnswerId] int NOT NULL IDENTITY,
    [AnswerLetter] nvarchar(max) NOT NULL,
    [AnswerContent] nvarchar(max) NOT NULL,
    [QuestionId] int NOT NULL,
    CONSTRAINT [PK_Answers] PRIMARY KEY ([AnswerId]),
    CONSTRAINT [FK_Answers_Questions_QuestionId] FOREIGN KEY ([QuestionId]) REFERENCES [Questions] ([QuestionId]) ON DELETE CASCADE
); 
2024-01-19 20:00:38.1465|20103|DEBUG|Microsoft.EntityFrameworkCore.Database.Command|Creating DbCommand for 'ExecuteNonQuery'. 
2024-01-19 20:00:38.1465|20104|DEBUG|Microsoft.EntityFrameworkCore.Database.Command|Created DbCommand for 'ExecuteNonQuery' (0ms). 
2024-01-19 20:00:38.1465|20106|DEBUG|Microsoft.EntityFrameworkCore.Database.Command|Initialized DbCommand for 'ExecuteNonQuery' (0ms). 
2024-01-19 20:00:38.1465|20100|DEBUG|Microsoft.EntityFrameworkCore.Database.Command|Executing DbCommand [Parameters=[], CommandType='Text', CommandTimeout='30']
CREATE TABLE [MatchFormQuestion] (
    [MatchFormsMatchFormId] int NOT NULL,
    [QuestionsQuestionId] int NOT NULL,
    CONSTRAINT [PK_MatchFormQuestion] PRIMARY KEY ([MatchFormsMatchFormId], [QuestionsQuestionId]),
    CONSTRAINT [FK_MatchFormQuestion_MatchForms_MatchFormsMatchFormId] FOREIGN KEY ([MatchFormsMatchFormId]) REFERENCES [MatchForms] ([MatchFormId]) ON DELETE CASCADE,
    CONSTRAINT [FK_MatchFormQuestion_Questions_QuestionsQuestionId] FOREIGN KEY ([QuestionsQuestionId]) REFERENCES [Questions] ([QuestionId]) ON DELETE CASCADE
); 
2024-01-19 20:00:38.2113|20101|INFO|Microsoft.EntityFrameworkCore.Database.Command|Executed DbCommand (63ms) [Parameters=[], CommandType='Text', CommandTimeout='30']
CREATE TABLE [MatchFormQuestion] (
    [MatchFormsMatchFormId] int NOT NULL,
    [QuestionsQuestionId] int NOT NULL,
    CONSTRAINT [PK_MatchFormQuestion] PRIMARY KEY ([MatchFormsMatchFormId], [QuestionsQuestionId]),
    CONSTRAINT [FK_MatchFormQuestion_MatchForms_MatchFormsMatchFormId] FOREIGN KEY ([MatchFormsMatchFormId]) REFERENCES [MatchForms] ([MatchFormId]) ON DELETE CASCADE,
    CONSTRAINT [FK_MatchFormQuestion_Questions_QuestionsQuestionId] FOREIGN KEY ([QuestionsQuestionId]) REFERENCES [Questions] ([QuestionId]) ON DELETE CASCADE
); 
2024-01-19 20:00:38.2113|20103|DEBUG|Microsoft.EntityFrameworkCore.Database.Command|Creating DbCommand for 'ExecuteNonQuery'. 
2024-01-19 20:00:38.2113|20104|DEBUG|Microsoft.EntityFrameworkCore.Database.Command|Created DbCommand for 'ExecuteNonQuery' (0ms). 
2024-01-19 20:00:38.2125|20106|DEBUG|Microsoft.EntityFrameworkCore.Database.Command|Initialized DbCommand for 'ExecuteNonQuery' (0ms). 
2024-01-19 20:00:38.2125|20100|DEBUG|Microsoft.EntityFrameworkCore.Database.Command|Executing DbCommand [Parameters=[], CommandType='Text', CommandTimeout='30']
CREATE TABLE [Users] (
    [UserId] int NOT NULL IDENTITY,
    [Email] nvarchar(max) NOT NULL,
    [PasswordHash] nvarchar(max) NOT NULL,
    [Name] nvarchar(25) NULL,
    [Age] int NULL,
    [Description] nvarchar(max) NULL,
    [Sex] nvarchar(max) NULL,
    [Image] nvarchar(max) NULL,
    [VerificationToken] nvarchar(max) NULL,
    [MatchFormScore] int NULL,
    [ForYouId] int NULL,
    [RoleId] int NULL,
    CONSTRAINT [PK_Users] PRIMARY KEY ([UserId]),
    CONSTRAINT [FK_Users_ForYous_ForYouId] FOREIGN KEY ([ForYouId]) REFERENCES [ForYous] ([ForYouId]),
    CONSTRAINT [FK_Users_Roles_RoleId] FOREIGN KEY ([RoleId]) REFERENCES [Roles] ([RoleId])
); 
2024-01-19 20:00:38.4365|20101|INFO|Microsoft.EntityFrameworkCore.Database.Command|Executed DbCommand (223ms) [Parameters=[], CommandType='Text', CommandTimeout='30']
CREATE TABLE [Users] (
    [UserId] int NOT NULL IDENTITY,
    [Email] nvarchar(max) NOT NULL,
    [PasswordHash] nvarchar(max) NOT NULL,
    [Name] nvarchar(25) NULL,
    [Age] int NULL,
    [Description] nvarchar(max) NULL,
    [Sex] nvarchar(max) NULL,
    [Image] nvarchar(max) NULL,
    [VerificationToken] nvarchar(max) NULL,
    [MatchFormScore] int NULL,
    [ForYouId] int NULL,
    [RoleId] int NULL,
    CONSTRAINT [PK_Users] PRIMARY KEY ([UserId]),
    CONSTRAINT [FK_Users_ForYous_ForYouId] FOREIGN KEY ([ForYouId]) REFERENCES [ForYous] ([ForYouId]),
    CONSTRAINT [FK_Users_Roles_RoleId] FOREIGN KEY ([RoleId]) REFERENCES [Roles] ([RoleId])
); 
2024-01-19 20:00:38.4365|20103|DEBUG|Microsoft.EntityFrameworkCore.Database.Command|Creating DbCommand for 'ExecuteNonQuery'. 
2024-01-19 20:00:38.4365|20104|DEBUG|Microsoft.EntityFrameworkCore.Database.Command|Created DbCommand for 'ExecuteNonQuery' (0ms). 
2024-01-19 20:00:38.4365|20106|DEBUG|Microsoft.EntityFrameworkCore.Database.Command|Initialized DbCommand for 'ExecuteNonQuery' (0ms). 
2024-01-19 20:00:38.4365|20100|DEBUG|Microsoft.EntityFrameworkCore.Database.Command|Executing DbCommand [Parameters=[], CommandType='Text', CommandTimeout='30']
CREATE TABLE [InterestUser] (
    [InterestsInterestId] int NOT NULL,
    [UsersUserId] int NOT NULL,
    CONSTRAINT [PK_InterestUser] PRIMARY KEY ([InterestsInterestId], [UsersUserId]),
    CONSTRAINT [FK_InterestUser_Interests_InterestsInterestId] FOREIGN KEY ([InterestsInterestId]) REFERENCES [Interests] ([InterestId]) ON DELETE CASCADE,
    CONSTRAINT [FK_InterestUser_Users_UsersUserId] FOREIGN KEY ([UsersUserId]) REFERENCES [Users] ([UserId]) ON DELETE CASCADE
); 
2024-01-19 20:00:38.4768|20101|INFO|Microsoft.EntityFrameworkCore.Database.Command|Executed DbCommand (40ms) [Parameters=[], CommandType='Text', CommandTimeout='30']
CREATE TABLE [InterestUser] (
    [InterestsInterestId] int NOT NULL,
    [UsersUserId] int NOT NULL,
    CONSTRAINT [PK_InterestUser] PRIMARY KEY ([InterestsInterestId], [UsersUserId]),
    CONSTRAINT [FK_InterestUser_Interests_InterestsInterestId] FOREIGN KEY ([InterestsInterestId]) REFERENCES [Interests] ([InterestId]) ON DELETE CASCADE,
    CONSTRAINT [FK_InterestUser_Users_UsersUserId] FOREIGN KEY ([UsersUserId]) REFERENCES [Users] ([UserId]) ON DELETE CASCADE
); 
2024-01-19 20:00:38.4768|20103|DEBUG|Microsoft.EntityFrameworkCore.Database.Command|Creating DbCommand for 'ExecuteNonQuery'. 
2024-01-19 20:00:38.4768|20104|DEBUG|Microsoft.EntityFrameworkCore.Database.Command|Created DbCommand for 'ExecuteNonQuery' (0ms). 
2024-01-19 20:00:38.4768|20106|DEBUG|Microsoft.EntityFrameworkCore.Database.Command|Initialized DbCommand for 'ExecuteNonQuery' (0ms). 
2024-01-19 20:00:38.4768|20100|DEBUG|Microsoft.EntityFrameworkCore.Database.Command|Executing DbCommand [Parameters=[], CommandType='Text', CommandTimeout='30']
CREATE TABLE [Messages] (
    [MessageId] int NOT NULL IDENTITY,
    [Content] nvarchar(max) NOT NULL,
    [SenderUserId] int NOT NULL,
    [ReceiverUserId] int NOT NULL,
    [SendTime] datetime2 NOT NULL,
    CONSTRAINT [PK_Messages] PRIMARY KEY ([MessageId]),
    CONSTRAINT [FK_Messages_Users_ReceiverUserId] FOREIGN KEY ([ReceiverUserId]) REFERENCES [Users] ([UserId]) ON DELETE NO ACTION,
    CONSTRAINT [FK_Messages_Users_SenderUserId] FOREIGN KEY ([SenderUserId]) REFERENCES [Users] ([UserId]) ON DELETE NO ACTION
); 
2024-01-19 20:00:38.4920|20101|INFO|Microsoft.EntityFrameworkCore.Database.Command|Executed DbCommand (15ms) [Parameters=[], CommandType='Text', CommandTimeout='30']
CREATE TABLE [Messages] (
    [MessageId] int NOT NULL IDENTITY,
    [Content] nvarchar(max) NOT NULL,
    [SenderUserId] int NOT NULL,
    [ReceiverUserId] int NOT NULL,
    [SendTime] datetime2 NOT NULL,
    CONSTRAINT [PK_Messages] PRIMARY KEY ([MessageId]),
    CONSTRAINT [FK_Messages_Users_ReceiverUserId] FOREIGN KEY ([ReceiverUserId]) REFERENCES [Users] ([UserId]) ON DELETE NO ACTION,
    CONSTRAINT [FK_Messages_Users_SenderUserId] FOREIGN KEY ([SenderUserId]) REFERENCES [Users] ([UserId]) ON DELETE NO ACTION
); 
2024-01-19 20:00:38.4920|20103|DEBUG|Microsoft.EntityFrameworkCore.Database.Command|Creating DbCommand for 'ExecuteNonQuery'. 
2024-01-19 20:00:38.4920|20104|DEBUG|Microsoft.EntityFrameworkCore.Database.Command|Created DbCommand for 'ExecuteNonQuery' (0ms). 
2024-01-19 20:00:38.4920|20106|DEBUG|Microsoft.EntityFrameworkCore.Database.Command|Initialized DbCommand for 'ExecuteNonQuery' (0ms). 
2024-01-19 20:00:38.4920|20100|DEBUG|Microsoft.EntityFrameworkCore.Database.Command|Executing DbCommand [Parameters=[], CommandType='Text', CommandTimeout='30']
CREATE TABLE [PinchUser] (
    [PinchesPinchId] int NOT NULL,
    [UsersUserId] int NOT NULL,
    CONSTRAINT [PK_PinchUser] PRIMARY KEY ([PinchesPinchId], [UsersUserId]),
    CONSTRAINT [FK_PinchUser_Pinches_PinchesPinchId] FOREIGN KEY ([PinchesPinchId]) REFERENCES [Pinches] ([PinchId]) ON DELETE CASCADE,
    CONSTRAINT [FK_PinchUser_Users_UsersUserId] FOREIGN KEY ([UsersUserId]) REFERENCES [Users] ([UserId]) ON DELETE CASCADE
); 
2024-01-19 20:00:38.4963|20101|INFO|Microsoft.EntityFrameworkCore.Database.Command|Executed DbCommand (4ms) [Parameters=[], CommandType='Text', CommandTimeout='30']
CREATE TABLE [PinchUser] (
    [PinchesPinchId] int NOT NULL,
    [UsersUserId] int NOT NULL,
    CONSTRAINT [PK_PinchUser] PRIMARY KEY ([PinchesPinchId], [UsersUserId]),
    CONSTRAINT [FK_PinchUser_Pinches_PinchesPinchId] FOREIGN KEY ([PinchesPinchId]) REFERENCES [Pinches] ([PinchId]) ON DELETE CASCADE,
    CONSTRAINT [FK_PinchUser_Users_UsersUserId] FOREIGN KEY ([UsersUserId]) REFERENCES [Users] ([UserId]) ON DELETE CASCADE
); 
2024-01-19 20:00:38.4963|20103|DEBUG|Microsoft.EntityFrameworkCore.Database.Command|Creating DbCommand for 'ExecuteNonQuery'. 
2024-01-19 20:00:38.4963|20104|DEBUG|Microsoft.EntityFrameworkCore.Database.Command|Created DbCommand for 'ExecuteNonQuery' (0ms). 
2024-01-19 20:00:38.4963|20106|DEBUG|Microsoft.EntityFrameworkCore.Database.Command|Initialized DbCommand for 'ExecuteNonQuery' (0ms). 
2024-01-19 20:00:38.4963|20100|DEBUG|Microsoft.EntityFrameworkCore.Database.Command|Executing DbCommand [Parameters=[], CommandType='Text', CommandTimeout='30']
CREATE TABLE [PreferenceUser] (
    [PreferencesPreferenceId] int NOT NULL,
    [UsersUserId] int NOT NULL,
    CONSTRAINT [PK_PreferenceUser] PRIMARY KEY ([PreferencesPreferenceId], [UsersUserId]),
    CONSTRAINT [FK_PreferenceUser_Preferences_PreferencesPreferenceId] FOREIGN KEY ([PreferencesPreferenceId]) REFERENCES [Preferences] ([PreferenceId]) ON DELETE CASCADE,
    CONSTRAINT [FK_PreferenceUser_Users_UsersUserId] FOREIGN KEY ([UsersUserId]) REFERENCES [Users] ([UserId]) ON DELETE CASCADE
); 
2024-01-19 20:00:38.4963|20101|INFO|Microsoft.EntityFrameworkCore.Database.Command|Executed DbCommand (8ms) [Parameters=[], CommandType='Text', CommandTimeout='30']
CREATE TABLE [PreferenceUser] (
    [PreferencesPreferenceId] int NOT NULL,
    [UsersUserId] int NOT NULL,
    CONSTRAINT [PK_PreferenceUser] PRIMARY KEY ([PreferencesPreferenceId], [UsersUserId]),
    CONSTRAINT [FK_PreferenceUser_Preferences_PreferencesPreferenceId] FOREIGN KEY ([PreferencesPreferenceId]) REFERENCES [Preferences] ([PreferenceId]) ON DELETE CASCADE,
    CONSTRAINT [FK_PreferenceUser_Users_UsersUserId] FOREIGN KEY ([UsersUserId]) REFERENCES [Users] ([UserId]) ON DELETE CASCADE
); 
2024-01-19 20:00:38.4963|20103|DEBUG|Microsoft.EntityFrameworkCore.Database.Command|Creating DbCommand for 'ExecuteNonQuery'. 
2024-01-19 20:00:38.4963|20104|DEBUG|Microsoft.EntityFrameworkCore.Database.Command|Created DbCommand for 'ExecuteNonQuery' (0ms). 
2024-01-19 20:00:38.4963|20106|DEBUG|Microsoft.EntityFrameworkCore.Database.Command|Initialized DbCommand for 'ExecuteNonQuery' (0ms). 
2024-01-19 20:00:38.4963|20100|DEBUG|Microsoft.EntityFrameworkCore.Database.Command|Executing DbCommand [Parameters=[], CommandType='Text', CommandTimeout='30']
CREATE INDEX [IX_Answers_QuestionId] ON [Answers] ([QuestionId]); 
2024-01-19 20:00:38.4963|20101|INFO|Microsoft.EntityFrameworkCore.Database.Command|Executed DbCommand (2ms) [Parameters=[], CommandType='Text', CommandTimeout='30']
CREATE INDEX [IX_Answers_QuestionId] ON [Answers] ([QuestionId]); 
2024-01-19 20:00:38.4963|20103|DEBUG|Microsoft.EntityFrameworkCore.Database.Command|Creating DbCommand for 'ExecuteNonQuery'. 
2024-01-19 20:00:38.4963|20104|DEBUG|Microsoft.EntityFrameworkCore.Database.Command|Created DbCommand for 'ExecuteNonQuery' (0ms). 
2024-01-19 20:00:38.4963|20106|DEBUG|Microsoft.EntityFrameworkCore.Database.Command|Initialized DbCommand for 'ExecuteNonQuery' (0ms). 
2024-01-19 20:00:38.4963|20100|DEBUG|Microsoft.EntityFrameworkCore.Database.Command|Executing DbCommand [Parameters=[], CommandType='Text', CommandTimeout='30']
CREATE INDEX [IX_InterestUser_UsersUserId] ON [InterestUser] ([UsersUserId]); 
2024-01-19 20:00:38.5099|20101|INFO|Microsoft.EntityFrameworkCore.Database.Command|Executed DbCommand (2ms) [Parameters=[], CommandType='Text', CommandTimeout='30']
CREATE INDEX [IX_InterestUser_UsersUserId] ON [InterestUser] ([UsersUserId]); 
2024-01-19 20:00:38.5099|20103|DEBUG|Microsoft.EntityFrameworkCore.Database.Command|Creating DbCommand for 'ExecuteNonQuery'. 
2024-01-19 20:00:38.5099|20104|DEBUG|Microsoft.EntityFrameworkCore.Database.Command|Created DbCommand for 'ExecuteNonQuery' (0ms). 
2024-01-19 20:00:38.5099|20106|DEBUG|Microsoft.EntityFrameworkCore.Database.Command|Initialized DbCommand for 'ExecuteNonQuery' (0ms). 
2024-01-19 20:00:38.5099|20100|DEBUG|Microsoft.EntityFrameworkCore.Database.Command|Executing DbCommand [Parameters=[], CommandType='Text', CommandTimeout='30']
CREATE INDEX [IX_MatchFormQuestion_QuestionsQuestionId] ON [MatchFormQuestion] ([QuestionsQuestionId]); 
2024-01-19 20:00:38.5099|20101|INFO|Microsoft.EntityFrameworkCore.Database.Command|Executed DbCommand (3ms) [Parameters=[], CommandType='Text', CommandTimeout='30']
CREATE INDEX [IX_MatchFormQuestion_QuestionsQuestionId] ON [MatchFormQuestion] ([QuestionsQuestionId]); 
2024-01-19 20:00:38.5099|20103|DEBUG|Microsoft.EntityFrameworkCore.Database.Command|Creating DbCommand for 'ExecuteNonQuery'. 
2024-01-19 20:00:38.5099|20104|DEBUG|Microsoft.EntityFrameworkCore.Database.Command|Created DbCommand for 'ExecuteNonQuery' (0ms). 
2024-01-19 20:00:38.5099|20106|DEBUG|Microsoft.EntityFrameworkCore.Database.Command|Initialized DbCommand for 'ExecuteNonQuery' (0ms). 
2024-01-19 20:00:38.5099|20100|DEBUG|Microsoft.EntityFrameworkCore.Database.Command|Executing DbCommand [Parameters=[], CommandType='Text', CommandTimeout='30']
CREATE INDEX [IX_Messages_ReceiverUserId] ON [Messages] ([ReceiverUserId]); 
2024-01-19 20:00:38.5099|20101|INFO|Microsoft.EntityFrameworkCore.Database.Command|Executed DbCommand (4ms) [Parameters=[], CommandType='Text', CommandTimeout='30']
CREATE INDEX [IX_Messages_ReceiverUserId] ON [Messages] ([ReceiverUserId]); 
2024-01-19 20:00:38.5099|20103|DEBUG|Microsoft.EntityFrameworkCore.Database.Command|Creating DbCommand for 'ExecuteNonQuery'. 
2024-01-19 20:00:38.5099|20104|DEBUG|Microsoft.EntityFrameworkCore.Database.Command|Created DbCommand for 'ExecuteNonQuery' (0ms). 
2024-01-19 20:00:38.5099|20106|DEBUG|Microsoft.EntityFrameworkCore.Database.Command|Initialized DbCommand for 'ExecuteNonQuery' (0ms). 
2024-01-19 20:00:38.5099|20100|DEBUG|Microsoft.EntityFrameworkCore.Database.Command|Executing DbCommand [Parameters=[], CommandType='Text', CommandTimeout='30']
CREATE INDEX [IX_Messages_SenderUserId] ON [Messages] ([SenderUserId]); 
2024-01-19 20:00:38.5099|20101|INFO|Microsoft.EntityFrameworkCore.Database.Command|Executed DbCommand (1ms) [Parameters=[], CommandType='Text', CommandTimeout='30']
CREATE INDEX [IX_Messages_SenderUserId] ON [Messages] ([SenderUserId]); 
2024-01-19 20:00:38.5099|20103|DEBUG|Microsoft.EntityFrameworkCore.Database.Command|Creating DbCommand for 'ExecuteNonQuery'. 
2024-01-19 20:00:38.5099|20104|DEBUG|Microsoft.EntityFrameworkCore.Database.Command|Created DbCommand for 'ExecuteNonQuery' (0ms). 
2024-01-19 20:00:38.5099|20106|DEBUG|Microsoft.EntityFrameworkCore.Database.Command|Initialized DbCommand for 'ExecuteNonQuery' (0ms). 
2024-01-19 20:00:38.5099|20100|DEBUG|Microsoft.EntityFrameworkCore.Database.Command|Executing DbCommand [Parameters=[], CommandType='Text', CommandTimeout='30']
CREATE INDEX [IX_PinchUser_UsersUserId] ON [PinchUser] ([UsersUserId]); 
2024-01-19 20:00:38.5099|20101|INFO|Microsoft.EntityFrameworkCore.Database.Command|Executed DbCommand (1ms) [Parameters=[], CommandType='Text', CommandTimeout='30']
CREATE INDEX [IX_PinchUser_UsersUserId] ON [PinchUser] ([UsersUserId]); 
2024-01-19 20:00:38.5099|20103|DEBUG|Microsoft.EntityFrameworkCore.Database.Command|Creating DbCommand for 'ExecuteNonQuery'. 
2024-01-19 20:00:38.5099|20104|DEBUG|Microsoft.EntityFrameworkCore.Database.Command|Created DbCommand for 'ExecuteNonQuery' (0ms). 
2024-01-19 20:00:38.5099|20106|DEBUG|Microsoft.EntityFrameworkCore.Database.Command|Initialized DbCommand for 'ExecuteNonQuery' (0ms). 
2024-01-19 20:00:38.5099|20100|DEBUG|Microsoft.EntityFrameworkCore.Database.Command|Executing DbCommand [Parameters=[], CommandType='Text', CommandTimeout='30']
CREATE INDEX [IX_PreferenceUser_UsersUserId] ON [PreferenceUser] ([UsersUserId]); 
2024-01-19 20:00:38.5099|20101|INFO|Microsoft.EntityFrameworkCore.Database.Command|Executed DbCommand (2ms) [Parameters=[], CommandType='Text', CommandTimeout='30']
CREATE INDEX [IX_PreferenceUser_UsersUserId] ON [PreferenceUser] ([UsersUserId]); 
2024-01-19 20:00:38.5099|20103|DEBUG|Microsoft.EntityFrameworkCore.Database.Command|Creating DbCommand for 'ExecuteNonQuery'. 
2024-01-19 20:00:38.5099|20104|DEBUG|Microsoft.EntityFrameworkCore.Database.Command|Created DbCommand for 'ExecuteNonQuery' (0ms). 
2024-01-19 20:00:38.5099|20106|DEBUG|Microsoft.EntityFrameworkCore.Database.Command|Initialized DbCommand for 'ExecuteNonQuery' (0ms). 
2024-01-19 20:00:38.5099|20100|DEBUG|Microsoft.EntityFrameworkCore.Database.Command|Executing DbCommand [Parameters=[], CommandType='Text', CommandTimeout='30']
CREATE INDEX [IX_Users_ForYouId] ON [Users] ([ForYouId]); 
2024-01-19 20:00:38.5253|20101|INFO|Microsoft.EntityFrameworkCore.Database.Command|Executed DbCommand (2ms) [Parameters=[], CommandType='Text', CommandTimeout='30']
CREATE INDEX [IX_Users_ForYouId] ON [Users] ([ForYouId]); 
2024-01-19 20:00:38.5253|20103|DEBUG|Microsoft.EntityFrameworkCore.Database.Command|Creating DbCommand for 'ExecuteNonQuery'. 
2024-01-19 20:00:38.5253|20104|DEBUG|Microsoft.EntityFrameworkCore.Database.Command|Created DbCommand for 'ExecuteNonQuery' (0ms). 
2024-01-19 20:00:38.5253|20106|DEBUG|Microsoft.EntityFrameworkCore.Database.Command|Initialized DbCommand for 'ExecuteNonQuery' (0ms). 
2024-01-19 20:00:38.5253|20100|DEBUG|Microsoft.EntityFrameworkCore.Database.Command|Executing DbCommand [Parameters=[], CommandType='Text', CommandTimeout='30']
CREATE INDEX [IX_Users_RoleId] ON [Users] ([RoleId]); 
2024-01-19 20:00:38.5253|20101|INFO|Microsoft.EntityFrameworkCore.Database.Command|Executed DbCommand (2ms) [Parameters=[], CommandType='Text', CommandTimeout='30']
CREATE INDEX [IX_Users_RoleId] ON [Users] ([RoleId]); 
2024-01-19 20:00:38.5253|20103|DEBUG|Microsoft.EntityFrameworkCore.Database.Command|Creating DbCommand for 'ExecuteNonQuery'. 
2024-01-19 20:00:38.5253|20104|DEBUG|Microsoft.EntityFrameworkCore.Database.Command|Created DbCommand for 'ExecuteNonQuery' (0ms). 
2024-01-19 20:00:38.5253|20106|DEBUG|Microsoft.EntityFrameworkCore.Database.Command|Initialized DbCommand for 'ExecuteNonQuery' (0ms). 
2024-01-19 20:00:38.5253|20100|DEBUG|Microsoft.EntityFrameworkCore.Database.Command|Executing DbCommand [Parameters=[], CommandType='Text', CommandTimeout='30']
INSERT INTO [__EFMigrationsHistory] ([MigrationId], [ProductVersion])
VALUES (N'20240119190001_init', N'7.0.13'); 
2024-01-19 20:00:38.5253|20101|INFO|Microsoft.EntityFrameworkCore.Database.Command|Executed DbCommand (11ms) [Parameters=[], CommandType='Text', CommandTimeout='30']
INSERT INTO [__EFMigrationsHistory] ([MigrationId], [ProductVersion])
VALUES (N'20240119190001_init', N'7.0.13'); 
2024-01-19 20:00:38.5446|20210|DEBUG|Microsoft.EntityFrameworkCore.Database.Transaction|Committing transaction. 
2024-01-19 20:00:38.5446|20202|DEBUG|Microsoft.EntityFrameworkCore.Database.Transaction|Committed transaction. 
2024-01-19 20:00:38.5579|20204|DEBUG|Microsoft.EntityFrameworkCore.Database.Transaction|Disposing transaction. 
2024-01-19 20:00:38.5579|20002|DEBUG|Microsoft.EntityFrameworkCore.Database.Connection|Closing connection to database 'Findher' on server '(localdb)\MSSQLLocalDB'. 
2024-01-19 20:00:38.5579|20003|DEBUG|Microsoft.EntityFrameworkCore.Database.Connection|Closed connection to database 'Findher' on server '(localdb)\MSSQLLocalDB' (0ms). 
2024-01-19 20:00:38.5579|10407|DEBUG|Microsoft.EntityFrameworkCore.Infrastructure|'AppDbContext' disposed. 
2024-01-19 20:00:38.5579|20007|DEBUG|Microsoft.EntityFrameworkCore.Database.Connection|Disposing connection to database 'Findher' on server '(localdb)\MSSQLLocalDB'. 
2024-01-19 20:00:38.5579|20008|DEBUG|Microsoft.EntityFrameworkCore.Database.Connection|Disposed connection to database '' on server '' (0ms). 
